ledno2                                                                                                                  PAGE 1
                         1     ORG 0H
****WARNING:Thisinstructionexceedingcodememorycapacity
****WARNING:Thisinstructionexceedingcodememorycapacity
****WARNING:Thisinstructionexceedingcodememorycapacity
****WARNING:Thisinstructionexceedingcodememorycapacity
****WARNING:Thisinstructionexceedingcodememorycapacity
****WARNING:Thisinstructionexceedingcodememorycapacity
****WARNING:Thisinstructionexceedingcodememorycapacity
****WARNING:Thisinstructionexceedingcodememorycapacity
****WARNING:Thisinstructionexceedingcodememorycapacity
****WARNING:Thisinstructionexceedingcodememorycapacity
****WARNING:Thisinstructionexceedingcodememorycapacity
****WARNING:Thisinstructionexceedingcodememorycapacity
****WARNING:Thisinstructionexceedingcodememorycapacity
****WARNING:Thisinstructionexceedingcodememorycapacity
****WARNING:Thisinstructionexceedingcodememorycapacity
****WARNING:Thisinstructionexceedingcodememorycapacity
****WARNING:Thisinstructionexceedingcodememorycapacity
****WARNING:Thisinstructionexceedingcodememorycapacity
****WARNING:Thisinstructionexceedingcodememorycapacity
****WARNING:Thisinstructionexceedingcodememorycapacity
****WARNING:Thisinstructionexceedingcodememorycapacity
****WARNING:Thisinstructionexceedingcodememorycapacity
****WARNING:Thisinstructionexceedingcodememorycapacity
****WARNING:Thisinstructionexceedingcodememorycapacity
****WARNING:Thisinstructionexceedingcodememorycapacity
****WARNING:Thisinstructionexceedingcodememorycapacity
****WARNING:Thisinstructionexceedingcodememorycapacity
****WARNING:Thisinstructionexceedingcodememorycapacity
****WARNING:Thisinstructionexceedingcodememorycapacity
****WARNING:Thisinstructionexceedingcodememorycapacity
****WARNING:Thisinstructionexceedingcodememorycapacity
****WARNING:Thisinstructionexceedingcodememorycapacity
****WARNING:Thisinstructionexceedingcodememorycapacity
****WARNING:Thisinstructionexceedingcodememorycapacity
****WARNING:Thisinstructionexceedingcodememorycapacity
****WARNING:Thisinstructionexceedingcodememorycapacity
****WARNING:Thisinstructionexceedingcodememorycapacity
****WARNING:Thisinstructionexceedingcodememorycapacity
****WARNING:Thisinstructionexceedingcodememorycapacity
****WARNING:Thisinstructionexceedingcodememorycapacity
****WARNING:Thisinstructionexceedingcodememorycapacity
****WARNING:Thisinstructionexceedingcodememorycapacity
****WARNING:Thisinstructionexceedingcodememorycapacity
****WARNING:Thisinstructionexceedingcodememorycapacity
****WARNING:Thisinstructionexceedingcodememorycapacity
****WARNING:Thisinstructionexceedingcodememorycapacity
****WARNING:Thisinstructionexceedingcodememorycapacity
****WARNING:Thisinstructionexceedingcodememorycapacity
****WARNING:Thisinstructionexceedingcodememorycapacity
****WARNING:Thisinstructionexceedingcodememorycapacity
****WARNING:Thisinstructionexceedingcodememorycapacity
****WARNING:Thisinstructionexceedingcodememorycapacity
****WARNING:Thisinstructionexceedingcodememorycapacity
****WARNING:Thisinstructionexceedingcodememorycapacity
****WARNING:Thisinstructionexceedingcodememorycapacity
****WARNING:Thisinstructionexceedingcodememorycapacity
****WARNING:Thisinstructionexceedingcodememorycapacity
****WARNING:Thisinstructionexceedingcodememorycapacity
****WARNING:Thisinstructionexceedingcodememorycapacity
****WARNING:Thisinstructionexceedingcodememorycapacity
****WARNING:Thisinstructionexceedingcodememorycapacity
****WARNING:Thisinstructionexceedingcodememorycapacity
****WARNING:Thisinstructionexceedingcodememorycapacity
****WARNING:Thisinstructionexceedingcodememorycapacity
****WARNING:Thisinstructionexceedingcodememorycapacity
****WARNING:Thisinstructionexceedingcodememorycapacity
****WARNING:Thisinstructionexceedingcodememorycapacity
****WARNING:Thisinstructionexceedingcodememorycapacity
****WARNING:Thisinstructionexceedingcodememorycapacity
****WARNING:Thisinstructionexceedingcodememorycapacity
****WARNING:Thisinstructionexceedingcodememorycapacity
****WARNING:Thisinstructionexceedingcodememorycapacity
****WARNING:Thisinstructionexceedingcodememorycapacity
****WARNING:Thisinstructionexceedingcodememorycapacity
****WARNING:Thisinstructionexceedingcodememorycapacity
****WARNING:Thisinstructionexceedingcodememorycapacity
****WARNING:Thisinstructionexceedingcodememorycapacity
****WARNING:Thisinstructionexceedingcodememorycapacity
****WARNING:Thisinstructionexceedingcodememorycapacity
****WARNING:Thisinstructionexceedingcodememorycapacity
****WARNING:Thisinstructionexceedingcodememorycapacity
****WARNING:Thisinstructionexceedingcodememorycapacity
****WARNING:Thisinstructionexceedingcodememorycapacity
****WARNING:Thisinstructionexceedingcodememorycapacity
****WARNING:Thisinstructionexceedingcodememorycapacity
****WARNING:Thisinstructionexceedingcodememorycapacity
****WARNING:Thisinstructionexceedingcodememorycapacity
****WARNING:Thisinstructionexceedingcodememorycapacity
****WARNING:Thisinstructionexceedingcodememorycapacity
****WARNING:Thisinstructionexceedingcodememorycapacity
****WARNING:Thisinstructionexceedingcodememorycapacity
****WARNING:Thisinstructionexceedingcodememorycapacity
****WARNING:Thisinstructionexceedingcodememorycapacity
****WARNING:Thisinstructionexceedingcodememorycapacity
****WARNING:Thisinstructionexceedingcodememorycapacity
****WARNING:Thisinstructionexceedingcodememorycapacity
****WARNING:Thisinstructionexceedingcodememorycapacity
****WARNING:Thisinstructionexceedingcodememorycapacity
****WARNING:Thisinstructionexceedingcodememorycapacity
****WARNING:Thisinstructionexceedingcodememorycapacity
****WARNING:Thisinstructionexceedingcodememorycapacity
****WARNING:Thisinstructionexceedingcodememorycapacity
****WARNING:Thisinstructionexceedingcodememorycapacity
****WARNING:Thisinstructionexceedingcodememorycapacity
****WARNING:Thisinstructionexceedingcodememorycapacity
****WARNING:Thisinstructionexceedingcodememorycapacity
****WARNING:Thisinstructionexceedingcodememorycapacity
****WARNING:Thisinstructionexceedingcodememorycapacity
****WARNING:Thisinstructionexceedingcodememorycapacity
****WARNING:Thisinstructionexceedingcodememorycapacity
****WARNING:Thisinstructionexceedingcodememorycapacity
****WARNING:Thisinstructionexceedingcodememorycapacity
****WARNING:Thisinstructionexceedingcodememorycapacity
****WARNING:Thisinstructionexceedingcodememorycapacity
****WARNING:Thisinstructionexceedingcodememorycapacity
****WARNING:Thisinstructionexceedingcodememorycapacity
****WARNING:Thisinstructionexceedingcodememorycapacity
****WARNING:Thisinstructionexceedingcodememorycapacity
****WARNING:Thisinstructionexceedingcodememorycapacity
****WARNING:Thisinstructionexceedingcodememorycapacity
****WARNING:Thisinstructionexceedingcodememorycapacity
****WARNING:Thisinstructionexceedingcodememorycapacity
****WARNING:Thisinstructionexceedingcodememorycapacity
****WARNING:Thisinstructionexceedingcodememorycapacity
****WARNING:Thisinstructionexceedingcodememorycapacity
****WARNING:Thisinstructionexceedingcodememorycapacity
****WARNING:Thisinstructionexceedingcodememorycapacity
****WARNING:Thisinstructionexceedingcodememorycapacity
****WARNING:Thisinstructionexceedingcodememorycapacity
****WARNING:Thisinstructionexceedingcodememorycapacity
****WARNING:Thisinstructionexceedingcodememorycapacity
****WARNING:Thisinstructionexceedingcodememorycapacity
****WARNING:Thisinstructionexceedingcodememorycapacity
****WARNING:Thisinstructionexceedingcodememorycapacity
****WARNING:Thisinstructionexceedingcodememorycapacity
****WARNING:Thisinstructionexceedingcodememorycapacity
****WARNING:Thisinstructionexceedingcodememorycapacity
****WARNING:Thisinstructionexceedingcodememorycapacity
****WARNING:Thisinstructionexceedingcodememorycapacity
****WARNING:Thisinstructionexceedingcodememorycapacity
****WARNING:Thisinstructionexceedingcodememorycapacity
****WARNING:Thisinstructionexceedingcodememorycapacity
****WARNING:Thisinstructionexceedingcodememorycapacity
****WARNING:Thisinstructionexceedingcodememorycapacity
****WARNING:Thisinstructionexceedingcodememorycapacity
****WARNING:Thisinstructionexceedingcodememorycapacity
****WARNING:Thisinstructionexceedingcodememorycapacity
****WARNING:Thisinstructionexceedingcodememorycapacity
****WARNING:Thisinstructionexceedingcodememorycapacity
****WARNING:Thisinstructionexceedingcodememorycapacity
****WARNING:Thisinstructionexceedingcodememorycapacity
****WARNING:Thisinstructionexceedingcodememorycapacity
****WARNING:Thisinstructionexceedingcodememorycapacity
****WARNING:Thisinstructionexceedingcodememorycapacity
****WARNING:Thisinstructionexceedingcodememorycapacity
****WARNING:Thisinstructionexceedingcodememorycapacity
****WARNING:Thisinstructionexceedingcodememorycapacity
****WARNING:Thisinstructionexceedingcodememorycapacity
****WARNING:Thisinstructionexceedingcodememorycapacity
****WARNING:Thisinstructionexceedingcodememorycapacity
****WARNING:Thisinstructionexceedingcodememorycapacity
****WARNING:Thisinstructionexceedingcodememorycapacity
****WARNING:Thisinstructionexceedingcodememorycapacity
****WARNING:Thisinstructionexceedingcodememorycapacity
****WARNING:Thisinstructionexceedingcodememorycapacity
****WARNING:Thisinstructionexceedingcodememorycapacity
****WARNING:Thisinstructionexceedingcodememorycapacity
****WARNING:Thisinstructionexceedingcodememorycapacity
****WARNING:Thisinstructionexceedingcodememorycapacity
****WARNING:Thisinstructionexceedingcodememorycapacity
****WARNING:Thisinstructionexceedingcodememorycapacity
****WARNING:Thisinstructionexceedingcodememorycapacity
****WARNING:Thisinstructionexceedingcodememorycapacity
****WARNING:Thisinstructionexceedingcodememorycapacity
****WARNING:Thisinstructionexceedingcodememorycapacity
****WARNING:Thisinstructionexceedingcodememorycapacity
****WARNING:Thisinstructionexceedingcodememorycapacity
****WARNING:Thisinstructionexceedingcodememorycapacity
****WARNING:Thisinstructionexceedingcodememorycapacity
****WARNING:Thisinstructionexceedingcodememorycapacity
****WARNING:Thisinstructionexceedingcodememorycapacity
****WARNING:Thisinstructionexceedingcodememorycapacity
****WARNING:Thisinstructionexceedingcodememorycapacity
****WARNING:Thisinstructionexceedingcodememorycapacity
****WARNING:Thisinstructionexceedingcodememorycapacity
****WARNING:Thisinstructionexceedingcodememorycapacity
****WARNING:Thisinstructionexceedingcodememorycapacity
****WARNING:Thisinstructionexceedingcodememorycapacity
****WARNING:Thisinstructionexceedingcodememorycapacity
****WARNING:Thisinstructionexceedingcodememorycapacity
****WARNING:Thisinstructionexceedingcodememorycapacity
****WARNING:Thisinstructionexceedingcodememorycapacity
****WARNING:Thisinstructionexceedingcodememorycapacity
****WARNING:Thisinstructionexceedingcodememorycapacity
****WARNING:Thisinstructionexceedingcodememorycapacity
****WARNING:Thisinstructionexceedingcodememorycapacity
****WARNING:Thisinstructionexceedingcodememorycapacity
****WARNING:Thisinstructionexceedingcodememorycapacity
****WARNING:Thisinstructionexceedingcodememorycapacity
****WARNING:Thisinstructionexceedingcodememorycapacity
****WARNING:Thisinstructionexceedingcodememorycapacity
****WARNING:Thisinstructionexceedingcodememorycapacity
****WARNING:Thisinstructionexceedingcodememorycapacity
****WARNING:Thisinstructionexceedingcodememorycapacity
****WARNING:Thisinstructionexceedingcodememorycapacity
****WARNING:Thisinstructionexceedingcodememorycapacity
****WARNING:Thisinstructionexceedingcodememorycapacity
****WARNING:Thisinstructionexceedingcodememorycapacity
****WARNING:Thisinstructionexceedingcodememorycapacity
****WARNING:Thisinstructionexceedingcodememorycapacity
****WARNING:Thisinstructionexceedingcodememorycapacity
****WARNING:Thisinstructionexceedingcodememorycapacity
****WARNING:Thisinstructionexceedingcodememorycapacity
****WARNING:Thisinstructionexceedingcodememorycapacity
****WARNING:Thisinstructionexceedingcodememorycapacity
****WARNING:Thisinstructionexceedingcodememorycapacity
****WARNING:Thisinstructionexceedingcodememorycapacity
****WARNING:Thisinstructionexceedingcodememorycapacity
****WARNING:Thisinstructionexceedingcodememorycapacity
****WARNING:Thisinstructionexceedingcodememorycapacity
****WARNING:Thisinstructionexceedingcodememorycapacity
****WARNING:Thisinstructionexceedingcodememorycapacity
****WARNING:Thisinstructionexceedingcodememorycapacity
****WARNING:Thisinstructionexceedingcodememorycapacity
****WARNING:Thisinstructionexceedingcodememorycapacity
****WARNING:Thisinstructionexceedingcodememorycapacity
****WARNING:Thisinstructionexceedingcodememorycapacity
****WARNING:Thisinstructionexceedingcodememorycapacity
****WARNING:Thisinstructionexceedingcodememorycapacity
****WARNING:Thisinstructionexceedingcodememorycapacity
****WARNING:Thisinstructionexceedingcodememorycapacity
****WARNING:Thisinstructionexceedingcodememorycapacity
****WARNING:Thisinstructionexceedingcodememorycapacity
****WARNING:Thisinstructionexceedingcodememorycapacity
****WARNING:Thisinstructionexceedingcodememorycapacity
****WARNING:Thisinstructionexceedingcodememorycapacity
****WARNING:Thisinstructionexceedingcodememorycapacity
****WARNING:Thisinstructionexceedingcodememorycapacity
****WARNING:Thisinstructionexceedingcodememorycapacity
****WARNING:Thisinstructionexceedingcodememorycapacity
****WARNING:Thisinstructionexceedingcodememorycapacity
****WARNING:Thisinstructionexceedingcodememorycapacity
****WARNING:Thisinstructionexceedingcodememorycapacity
****WARNING:Thisinstructionexceedingcodememorycapacity
****WARNING:Thisinstructionexceedingcodememorycapacity
****WARNING:Thisinstructionexceedingcodememorycapacity
****WARNING:Thisinstructionexceedingcodememorycapacity
****WARNING:Thisinstructionexceedingcodememorycapacity
****WARNING:Thisinstructionexceedingcodememorycapacity
****WARNING:Thisinstructionexceedingcodememorycapacity
****WARNING:Thisinstructionexceedingcodememorycapacity
****WARNING:Thisinstructionexceedingcodememorycapacity
****WARNING:Thisinstructionexceedingcodememorycapacity
****WARNING:Thisinstructionexceedingcodememorycapacity
****WARNING:Thisinstructionexceedingcodememorycapacity
****WARNING:Thisinstructionexceedingcodememorycapacity
****WARNING:Thisinstructionexceedingcodememorycapacity
****WARNING:Thisinstructionexceedingcodememorycapacity
****WARNING:Thisinstructionexceedingcodememorycapacity
****WARNING:Thisinstructionexceedingcodememorycapacity
****WARNING:Thisinstructionexceedingcodememorycapacity
****WARNING:Thisinstructionexceedingcodememorycapacity
****WARNING:Thisinstructionexceedingcodememorycapacity
****WARNING:Thisinstructionexceedingcodememorycapacity
****WARNING:Thisinstructionexceedingcodememorycapacity
****WARNING:Thisinstructionexceedingcodememorycapacity
****WARNING:Thisinstructionexceedingcodememorycapacity
****WARNING:Thisinstructionexceedingcodememorycapacity
****WARNING:Thisinstructionexceedingcodememorycapacity
****WARNING:Thisinstructionexceedingcodememorycapacity
****WARNING:Thisinstructionexceedingcodememorycapacity
****WARNING:Thisinstructionexceedingcodememorycapacity
****WARNING:Thisinstructionexceedingcodememorycapacity
****WARNING:Thisinstructionexceedingcodememorycapacity
****WARNING:Thisinstructionexceedingcodememorycapacity
****WARNING:Thisinstructionexceedingcodememorycapacity
****WARNING:Thisinstructionexceedingcodememorycapacity
****WARNING:Thisinstructionexceedingcodememorycapacity
****WARNING:Thisinstructionexceedingcodememorycapacity
****WARNING:Thisinstructionexceedingcodememorycapacity
****WARNING:Thisinstructionexceedingcodememorycapacity
****WARNING:Thisinstructionexceedingcodememorycapacity
****WARNING:Thisinstructionexceedingcodememorycapacity
****WARNING:Thisinstructionexceedingcodememorycapacity
****WARNING:Thisinstructionexceedingcodememorycapacity
****WARNING:Thisinstructionexceedingcodememorycapacity
****WARNING:Thisinstructionexceedingcodememorycapacity
****WARNING:Thisinstructionexceedingcodememorycapacity
****WARNING:Thisinstructionexceedingcodememorycapacity
****WARNING:Thisinstructionexceedingcodememorycapacity
****WARNING:Thisinstructionexceedingcodememorycapacity
****WARNING:Thisinstructionexceedingcodememorycapacity
****WARNING:Thisinstructionexceedingcodememorycapacity
****WARNING:Thisinstructionexceedingcodememorycapacity
****WARNING:Thisinstructionexceedingcodememorycapacity
****WARNING:Thisinstructionexceedingcodememorycapacity
****WARNING:Thisinstructionexceedingcodememorycapacity
****WARNING:Thisinstructionexceedingcodememorycapacity
****WARNING:Thisinstructionexceedingcodememorycapacity
****WARNING:Thisinstructionexceedingcodememorycapacity
****WARNING:Thisinstructionexceedingcodememorycapacity
****WARNING:Thisinstructionexceedingcodememorycapacity
****WARNING:Thisinstructionexceedingcodememorycapacity
****WARNING:Thisinstructionexceedingcodememorycapacity
****WARNING:Thisinstructionexceedingcodememorycapacity
****WARNING:Thisinstructionexceedingcodememorycapacity
****WARNING:Thisinstructionexceedingcodememorycapacity
****WARNING:Thisinstructionexceedingcodememorycapacity
****WARNING:Thisinstructionexceedingcodememorycapacity
****WARNING:Thisinstructionexceedingcodememorycapacity
****WARNING:Thisinstructionexceedingcodememorycapacity
****WARNING:Thisinstructionexceedingcodememorycapacity
****WARNING:Thisinstructionexceedingcodememorycapacity
****WARNING:Thisinstructionexceedingcodememorycapacity
****WARNING:Thisinstructionexceedingcodememorycapacity
****WARNING:Thisinstructionexceedingcodememorycapacity
****WARNING:Thisinstructionexceedingcodememorycapacity
****WARNING:Thisinstructionexceedingcodememorycapacity
****WARNING:Thisinstructionexceedingcodememorycapacity
****WARNING:Thisinstructionexceedingcodememorycapacity
****WARNING:Thisinstructionexceedingcodememorycapacity
****WARNING:Thisinstructionexceedingcodememorycapacity
****WARNING:Thisinstructionexceedingcodememorycapacity
****WARNING:Thisinstructionexceedingcodememorycapacity
****WARNING:Thisinstructionexceedingcodememorycapacity
****WARNING:Thisinstructionexceedingcodememorycapacity
****WARNING:Thisinstructionexceedingcodememorycapacity
****WARNING:Thisinstructionexceedingcodememorycapacity
****WARNING:Thisinstructionexceedingcodememorycapacity
****WARNING:Thisinstructionexceedingcodememorycapacity
****WARNING:Thisinstructionexceedingcodememorycapacity
****WARNING:Thisinstructionexceedingcodememorycapacity
****WARNING:Thisinstructionexceedingcodememorycapacity
****WARNING:Thisinstructionexceedingcodememorycapacity
****WARNING:Thisinstructionexceedingcodememorycapacity
****WARNING:Thisinstructionexceedingcodememorycapacity
****WARNING:Thisinstructionexceedingcodememorycapacity
****WARNING:Thisinstructionexceedingcodememorycapacity
****WARNING:Thisinstructionexceedingcodememorycapacity
****WARNING:Thisinstructionexceedingcodememorycapacity
****WARNING:Thisinstructionexceedingcodememorycapacity
****WARNING:Thisinstructionexceedingcodememorycapacity
****WARNING:Thisinstructionexceedingcodememorycapacity
****WARNING:Thisinstructionexceedingcodememorycapacity
****WARNING:Thisinstructionexceedingcodememorycapacity
****WARNING:Thisinstructionexceedingcodememorycapacity
****WARNING:Thisinstructionexceedingcodememorycapacity
****WARNING:Thisinstructionexceedingcodememorycapacity
****WARNING:Thisinstructionexceedingcodememorycapacity
****WARNING:Thisinstructionexceedingcodememorycapacity
****WARNING:Thisinstructionexceedingcodememorycapacity
****WARNING:Thisinstructionexceedingcodememorycapacity
****WARNING:Thisinstructionexceedingcodememorycapacity
****WARNING:Thisinstructionexceedingcodememorycapacity
****WARNING:Thisinstructionexceedingcodememorycapacity
****WARNING:Thisinstructionexceedingcodememorycapacity
****WARNING:Thisinstructionexceedingcodememorycapacity
****WARNING:Thisinstructionexceedingcodememorycapacity
****WARNING:Thisinstructionexceedingcodememorycapacity
****WARNING:Thisinstructionexceedingcodememorycapacity
****WARNING:Thisinstructionexceedingcodememorycapacity
****WARNING:Thisinstructionexceedingcodememorycapacity
****WARNING:Thisinstructionexceedingcodememorycapacity
****WARNING:Thisinstructionexceedingcodememorycapacity
****WARNING:Thisinstructionexceedingcodememorycapacity
****WARNING:Thisinstructionexceedingcodememorycapacity
****WARNING:Thisinstructionexceedingcodememorycapacity
****WARNING:Thisinstructionexceedingcodememorycapacity
****WARNING:Thisinstructionexceedingcodememorycapacity
****WARNING:Thisinstructionexceedingcodememorycapacity
****WARNING:Thisinstructionexceedingcodememorycapacity
****WARNING:Thisinstructionexceedingcodememorycapacity
****WARNING:Thisinstructionexceedingcodememorycapacity
****WARNING:Thisinstructionexceedingcodememorycapacity
****WARNING:Thisinstructionexceedingcodememorycapacity
****WARNING:Thisinstructionexceedingcodememorycapacity
****WARNING:Thisinstructionexceedingcodememorycapacity
****WARNING:Thisinstructionexceedingcodememorycapacity
****WARNING:Thisinstructionexceedingcodememorycapacity
****WARNING:Thisinstructionexceedingcodememorycapacity
****WARNING:Thisinstructionexceedingcodememorycapacity
****WARNING:Thisinstructionexceedingcodememorycapacity
****WARNING:Thisinstructionexceedingcodememorycapacity
****WARNING:Thisinstructionexceedingcodememorycapacity
****WARNING:Thisinstructionexceedingcodememorycapacity
****WARNING:Thisinstructionexceedingcodememorycapacity
****WARNING:Thisinstructionexceedingcodememorycapacity
****WARNING:Thisinstructionexceedingcodememorycapacity
****WARNING:Thisinstructionexceedingcodememorycapacity
****WARNING:Thisinstructionexceedingcodememorycapacity
****WARNING:Thisinstructionexceedingcodememorycapacity
****WARNING:Thisinstructionexceedingcodememorycapacity
****WARNING:Thisinstructionexceedingcodememorycapacity
****WARNING:Thisinstructionexceedingcodememorycapacity
****WARNING:Thisinstructionexceedingcodememorycapacity
****WARNING:Thisinstructionexceedingcodememorycapacity
****WARNING:Thisinstructionexceedingcodememorycapacity
****WARNING:Thisinstructionexceedingcodememorycapacity
****WARNING:Thisinstructionexceedingcodememorycapacity
****WARNING:Thisinstructionexceedingcodememorycapacity
****WARNING:Thisinstructionexceedingcodememorycapacity
****WARNING:Thisinstructionexceedingcodememorycapacity
****WARNING:Thisinstructionexceedingcodememorycapacity
****WARNING:Thisinstructionexceedingcodememorycapacity
****WARNING:Thisinstructionexceedingcodememorycapacity
****WARNING:Thisinstructionexceedingcodememorycapacity
****WARNING:Thisinstructionexceedingcodememorycapacity
****WARNING:Thisinstructionexceedingcodememorycapacity
0000 758901              2             MOV TMOD,#01H
0003 7AFE                3             MOV R2,#11111110B
0005 E590                4     BACK:   MOV A,P1
0007 31DE                5     ACALL DELAY
0009 31DE                6     ACALL DELAY
000B 31DE                7     ACALL DELAY
000D 31DE                8     ACALL DELAY
000F B40106              9     COND1:  CJNE A,#01H,COND2
0012 900FFF             10       MOV DPTR,#ONE
0015 0201C8             11       JMP MAIN
0018 B40206             12     COND2: CJNE A,#02H,COND3
001B 901008             13       MOV DPTR,#TWO
001E 0201C8             14       JMP MAIN
0021 B40306             15     COND3: CJNE A,#03,COND4
0024 901011             16       MOV DPTR,#THREE
0027 0201C8             17       JMP MAIN
002A B40406             18     COND4: CJNE A,#04H,COND5
002D 90101A             19       MOV DPTR,#FOUR
0030 0201C8             20       JMP MAIN
0033 B40506             21     COND5: CJNE A,#05H,COND6
0036 901023             22       MOV DPTR,#FIVE
0039 0201C8             23       JMP MAIN
003C B40606             24     COND6: CJNE A,#06H,COND7
003F 90102C             25       MOV DPTR,#SIX
0042 0201C8             26       JMP MAIN
0045 B40706             27     COND7: CJNE A,#07H,COND8
0048 901035             28       MOV DPTR, #SEVEN
004B 0201C8             29       JMP MAIN
004E B40806             30     COND8: CJNE A,#08H,COND9
0051 90103E             31       MOV DPTR, #EIGHT
0054 0201C8             32       JMP MAIN
0057 B40906             33     COND9: CJNE A,#09H,COND10
005A 901047             34       MOV DPTR,#NINE
005D 0201C8             35       JMP MAIN
0060 B40A06             36     COND10: CJNE A,#0AH,COND11
0063 901050             37       MOV DPTR,#TEN
0066 0201C8             38       JMP MAIN
0069 B40B06             39     COND11: CJNE A,#0BH,COND12
006C 901059             40       MOV DPTR, #ELEVEN
006F 0201C8             41       JMP MAIN
0072 B40C06             42     COND12: CJNE A,#0CH,COND13
0075 901062             43       MOV DPTR, #TWELVE
0078 0201C8             44       JMP MAIN
007B B40D06             45     COND13: CJNE A,#0DH,COND14
007E 90106B             46       MOV DPTR, #THIRTEEN
0081 0201C8             47       JMP MAIN
0084 B40E06             48     COND14: CJNE A,#0EH,COND15
0087 901074             49       MOV DPTR, #FOURTEEN
008A 0201C8             50       JMP MAIN
008D B40F06             51     COND15: CJNE A,#0FH,COND16
0090 90107D             52       MOV DPTR, #FIFTEEN
0093 0201C8             53       JMP MAIN
0096 B41006             54     COND16: CJNE A,#10H,COND17
0099 901086             55       MOV DPTR, #SIXTEEN
009C 0201C8             56       JMP MAIN
009F B41106             57     COND17: CJNE A,#11H,COND18
00A2 90108F             58       MOV DPTR, #SEVENTEEN
00A5 0201C8             59       JMP MAIN
00A8 B41206             60     COND18: CJNE A,#12H,COND19
00AB 901098             61       MOV DPTR, #EIGHTEEN
00AE 0201C8             62       JMP MAIN
00B1 B41306             63     COND19: CJNE A,#13H,COND20
00B4 9010A1             64       MOV DPTR, #NINETEEN
00B7 0201C8             65       JMP MAIN
00BA B41406             66     COND20: CJNE A,#14H,COND21
00BD 9010AA             67       MOV DPTR, #TWENTY
00C0 0201C8             68       JMP MAIN
00C3 B41506             69     COND21: CJNE A,#15H,COND22
00C6 9010B3             70       MOV DPTR, #TWENTYONE
00C9 0201C8             71       JMP MAIN
00CC B41606             72     COND22: CJNE A,#16H,COND23
00CF 9010BC             73       MOV DPTR, #TWENTYTWO
00D2 0201C8             74       JMP MAIN
00D5 B41706             75     COND23: CJNE A,#17H,COND24
00D8 9010C5             76       MOV DPTR,#TWENTYTHREE
00DB 0201C8             77       JMP MAIN
00DE B41806             78     COND24: CJNE A,#18H,COND25
00E1 9010CE             79       MOV DPTR,#TWENTYFOUR
00E4 0201C8             80       JMP MAIN
00E7 B41A06             81     COND25: CJNE A,#1AH,COND26
00EA 9010D7             82       MOV DPTR,#TWENTYFIVE
00ED 0201C8             83       JMP MAIN
00F0 B41B06             84     COND26: CJNE A,#1BH,COND27
00F3 9010E0             85       MOV DPTR,#TWENTYSIX
00F6 0201C8             86       JMP MAIN
00F9 B41C06             87     COND27: CJNE A,#1CH,COND28
00FC 9010E9             88       MOV DPTR,#TWENTYSEVEN
00FF 0201C8             89       JMP MAIN
0102 B41D06             90     COND28: CJNE A,#1DH,COND29
0105 9010F2             91       MOV DPTR,#TWENTYEIGHT
0108 0201C8             92       JMP MAIN
010B B41E06             93     COND29: CJNE A,#1EH,COND30
010E 9010FB             94       MOV DPTR,#TWENTYNINE
0111 0201C8             95       JMP MAIN
0114 B41F06             96     COND30: CJNE A,#1FH,COND31
0117 901104             97       MOV DPTR, #THIRTY
011A 0201C8             98       JMP MAIN
011D B42006             99     COND31: CJNE A,#20H,COND32
0120 90110D            100       MOV DPTR,#THIRTYONE
0123 0201C8            101       JMP MAIN
0126 B42106            102     COND32: CJNE A,#21H,COND33
0129 901116            103       MOV DPTR,#THIRTYTWO
012C 0201C8            104       LJMP MAIN
012F B42206            105     COND33: CJNE A,#22H,COND34
0132 90111F            106       MOV DPTR,#THIRTYTHREE
0135 0201C8            107       LJMP MAIN
0138 B42306            108     COND34: CJNE A,#23H,COND35
013B 901128            109       MOV DPTR,#THIRTYFOUR
013E 0201C8            110       LJMP MAIN
0141 B42406            111     COND35: CJNE A,#24H,COND36
0144 901131            112       MOV DPTR,#THIRTYFIVE
0147 0201C8            113       LJMP MAIN
014A B42505            114     COND36: CJNE A,#25H,COND37
014D 90113A            115       MOV DPTR,#THIRTYSIX
0150 8076              116       SJMP MAIN
0152 B42605            117     COND37: CJNE A,#26H,COND38
0155 901143            118       MOV DPTR,#THIRTYSEVEN
0158 806E              119       SJMP MAIN
015A B42705            120     COND38: CJNE A,#27H,COND39
015D 90114C            121       MOV DPTR,#THIRTYEIGHTH
0160 8066              122       SJMP MAIN
0162 B42805            123     COND39: CJNE A,#28H,COND40
0165 901155            124       MOV DPTR,#THIRTYNINE
0168 805E              125       SJMP MAIN
016A B42905            126     COND40: CJNE A,#29H,COND41
016D 90115E            127       MOV DPTR,#FORTY
0170 8056              128       SJMP MAIN
0172 B42A05            129     COND41: CJNE A,#2AH,COND42
0175 901167            130       MOV DPTR,#FORTYONE
0178 804E              131       SJMP MAIN
017A B42B05            132     COND42: CJNE A,#2BH,COND43
017D 901170            133       MOV DPTR,#FORTYTWO
0180 8046              134       SJMP MAIN
0182 B42C05            135     COND43: CJNE A,#2CH,COND44
0185 901179            136       MOV DPTR,#FORTYTHREE
0188 803E              137       SJMP MAIN
018A B42D05            138     COND44: CJNE A,#2DH,COND45
018D 901182            139       MOV DPTR,#FORTYFOUR
0190 8036              140       SJMP MAIN
0192 B42E05            141     COND45: CJNE A,#2EH,COND46
0195 90118B            142       MOV DPTR,#FORTYFIVE
0198 802E              143       SJMP MAIN
019A B42F05            144     COND46: CJNE A,#2FH,COND47
019D 901194            145       MOV DPTR,#FORTYSIX
01A0 8026              146       SJMP MAIN
01A2 B43005            147     COND47: CJNE A,#30H,COND48
01A5 90119D            148       MOV DPTR,#FORTYSEVEN
01A8 801E              149       SJMP MAIN
01AA B43105            150     COND48: CJNE A,#31H,COND49
01AD 9011A6            151       MOV DPTR,#FORTYEIGHT
01B0 8016              152       SJMP MAIN
01B2 B43205            153     COND49: CJNE A,#32H,COND50
01B5 9011AF            154       MOV DPTR,#FORTYNINE
01B8 800E              155       SJMP MAIN
01BA B43305            156     COND50: CJNE A,#33H,COND0
01BD 9011B8            157       MOV DPTR,#FIFTY
01C0 8006              158       SJMP MAIN
01C2 B40029            159     COND0: CJNE A,#0H,BACK1
01C5 9011C1            160       MOV DPTR,#ZERO
01C8 7B50              161     MAIN:   MOV R3,#050H
01CA 7C08              162     LOOP1:  MOV R4,#08H
01CC EA                163     LOOP:   MOV A,R2
01CD F5B0              164             MOV P3,A
01CF 23                165             RL A
01D0 FA                166             MOV R2,A
01D1 EC                167             MOV A,R4
01D2 93                168             MOVC A,@A+DPTR
01D3 F5A0              169             MOV P2,A
01D5 31DE              170             ACALL DELAY
01D7 DCF3              171             DJNZ R4,LOOP
01D9 DBEF              172             DJNZ R3,LOOP1
01DB 020005            173             LJMP BACK
01DE 758CFF            174     DELAY:  MOV TH0,#0FFH
01E1 758A00            175             MOV TL0,#0
01E4 D28C              176             SETB TR0
01E6 308DFD            177     HERE:   JNB TF0,HERE
01E9 C28C              178             CLR TR0
01EB C28D              179             CLR TF0
01ED 22                180             RET
01EE 020005            181     BACK1:  LJMP BACK
                       182     ORG 0FFFH
0FFF 0007050740        183     ONE:DB 00000000B,00000111B,00000101B,00000111B,01000000B,11000000B,1000000B,01000000B,11100000B
     C04040E0
1008 00070507E0        184     TWO:DB 0x0,0x07,0x05,0x07,0xe0,0x20,0xe0,0x80,0xe0
     20E080E0
****WARNING:Thisinstructionexceedingcodememorycapacity
1011 00070507E0        185     THREE:DB 0x0,0x7,0x5,0x7,0xe0,0x20,0xe0,0x20,0xe0
     20E020E0
****WARNING:Thisinstructionexceedingcodememorycapacity
101A 00070507A0        186     FOUR:DB 0x0,0x07,0x05,0x07,0xa0,0xa0,0xe0,0x20,0x20
     A0E02020
****WARNING:Thisinstructionexceedingcodememorycapacity
1023 00070507E0        187     FIVE:DB 0x0,0x07,0x05,0x07,0xe0,0x80,0xe0,0x20,0xe0
     80E020E0
****WARNING:Thisinstructionexceedingcodememorycapacity
102C 00070507E0        188     SIX:DB 0x0,0x07,0x05,0x07,0xe0,0x80,0xe0,0xa0,0xe0
     80E0A0E0
****WARNING:Thisinstructionexceedingcodememorycapacity
1035 00070507E0        189     SEVEN:DB 0x0,0x07,0x05,0x07,0xe0,0x20,0x20,0x20,0x20
     20202020
****WARNING:Thisinstructionexceedingcodememorycapacity
103E 00070507E0        190     EIGHT:DB 0x0,0x07,0x05,0x07,0xe0,0xa0,0xe0,0xa0,0xe0
     A0E0A0E0
****WARNING:Thisinstructionexceedingcodememorycapacity
1047 00070507E0        191     NINE:DB 0x0,0x07,0x05,0x07,0xe0,0xa0,0xe0,0x20,0xe0
     A0E020E0
****WARNING:Thisinstructionexceedingcodememorycapacity
1050 000705075C        192     TEN:DB 0x0,0x07,0x05,0x07,0x5c,0xd4,0x54,0x54,0x5c
     D454545C
****WARNING:Thisinstructionexceedingcodememorycapacity
1059 0007050748        193     ELEVEN:DB 0x0,0x07,0x05,0x07,0x48,0xd8,0x48,0x48,0x48
     D8484848
****WARNING:Thisinstructionexceedingcodememorycapacity
1062 000705075C        194     TWELVE:DB 0x0,0x07,0x05,0x07,0x5c,0xc4,0x5c,0x50,0x5c
     C45C505C
****WARNING:Thisinstructionexceedingcodememorycapacity
106B 000705075C        195     THIRTEEN:DB 0x0,0x07,0x05,0x07,0x5c,0xc4,0x5c,0x44,0x5c
     C45C445C
****WARNING:Thisinstructionexceedingcodememorycapacity
1074 0007050754        196     FOURTEEN:DB 0x0,0x07,0x05,0x07,0x54,0xd4,0x5c,0x44,0x44
     D45C4444
****WARNING:Thisinstructionexceedingcodememorycapacity
107D 000705075C        197     FIFTEEN:DB 0x0,0x07,0x05,0x07,0x5c,0xd0,0x5c,0x44,0x5c
     D05C445C
****WARNING:Thisinstructionexceedingcodememorycapacity
1086 000705075C        198     SIXTEEN:DB 0x0,0x07,0x05,0x07,0x5c,0xd0,0x5c,0x54,0x5c
     D05C545C
****WARNING:Thisinstructionexceedingcodememorycapacity
108F 000705075C        199     SEVENTEEN:DB 0x0,0x07,0x05,0x07,0x5c,0xc4,0x44,0x44,0x44
     C4444444
****WARNING:Thisinstructionexceedingcodememorycapacity
1098 000705075C        200     EIGHTEEN:DB 0x0,0x07,0x05,0x07,0x5c,0xd4,0x5c,0x54,0x5c
     D45C545C
****WARNING:Thisinstructionexceedingcodememorycapacity
10A1 000705075C        201     NINETEEN:DB 0x0,0x07,0x05,0x07,0x5c,0xd4,0x5c,0x44,0x5c
     D45C445C
****WARNING:Thisinstructionexceedingcodememorycapacity
10AA 00070507EE        202     TWENTY:DB 0x0,0x07,0x05,0x07,0xee,0x2a,0xea,0x8a,0xee
     2AEA8AEE
****WARNING:Thisinstructionexceedingcodememorycapacity
10B3 00070507E4        203     TWENTYONE:DB 0x0,0x07,0x05,0x07,0xe4,0x2c,0xe4,0x84,0xe4
     2CE484E4
****WARNING:Thisinstructionexceedingcodememorycapacity
10BC 00070507EE        204     TWENTYTWO:DB 0x0,0x07,0x05,0x07,0xee,0x22,0xee,0x88,0xee
     22EE88EE
****WARNING:Thisinstructionexceedingcodememorycapacity
10C5 00070507EE        205     TWENTYTHREE:DB 0x0,0x07,0x05,0x07,0xee,0x22,0xee,0x82,0xee
     22EE82EE
****WARNING:Thisinstructionexceedingcodememorycapacity
10CE 00070507EA        206     TWENTYFOUR:DB 0x0,0x07,0x05,0x07,0xea,0x2a,0xee,0x82,0xe2
     2AEE82E2
****WARNING:Thisinstructionexceedingcodememorycapacity
10D7 00070507EE        207     TWENTYFIVE:DB 0x0,0x07,0x05,0x07,0xee,0x28,0xee,0x82,0xee
     28EE82EE
****WARNING:Thisinstructionexceedingcodememorycapacity
10E0 00070507EE        208     TWENTYSIX:DB 0x0,0x07,0x05,0x07,0xee,0x28,0xee,0x8a,0xee
     28EE8AEE
****WARNING:Thisinstructionexceedingcodememorycapacity
10E9 00070507EE        209     TWENTYSEVEN:DB 0x0,0x07,0x05,0x07,0xee,0x22,0xe2,0x82,0xe2
     22E282E2
****WARNING:Thisinstructionexceedingcodememorycapacity
10F2 00070507EE        210     TWENTYEIGHT:DB 0x0,0x07,0x05,0x07,0xee,0x2a,0xee,0x8a,0xee
     2AEE8AEE
****WARNING:Thisinstructionexceedingcodememorycapacity
10FB 00070507EE        211     TWENTYNINE:DB 0x0,0x07,0x05,0x07,0xee,0x2a,0xee,0x82,0xee
     2AEE82EE
****WARNING:Thisinstructionexceedingcodememorycapacity
1104 00070507EE        212     THIRTY:DB 0x0,0x07,0x05,0x07,0xee,0x2a,0xea,0x2a,0xee
     2AEA2AEE
****WARNING:Thisinstructionexceedingcodememorycapacity
110D 00070507E4        213     THIRTYONE:DB 0x0,0x07,0x05,0x07,0xe4,0x2c,0xe4,0x24,0xe4
     2CE424E4
****WARNING:Thisinstructionexceedingcodememorycapacity
1116 00070507EE        214     THIRTYTWO:DB 0x0,0x07,0x05,0x07,0xee,0x22,0xee,0x28,0xee
     22EE28EE
****WARNING:Thisinstructionexceedingcodememorycapacity
111F 00070507EE        215     THIRTYTHREE:DB 0x0,0x07,0x05,0x07,0xee,0x22,0xee,0x22,0xee
     22EE22EE
****WARNING:Thisinstructionexceedingcodememorycapacity
1128 00070507EA        216     THIRTYFOUR:DB 0x0,0x07,0x05,0x07,0xea,0x2a,0xee,0x22,0xe2
     2AEE22E2
****WARNING:Thisinstructionexceedingcodememorycapacity
1131 00070507EE        217     THIRTYFIVE:DB 0x0,0x07,0x05,0x07,0xee,0x28,0xee,0x22,0xee
     28EE22EE
****WARNING:Thisinstructionexceedingcodememorycapacity
113A 00070507EE        218     THIRTYSIX:DB 0x0,0x07,0x05,0x07,0xee,0x28,0xee,0x2a,0xee
     28EE2AEE
****WARNING:Thisinstructionexceedingcodememorycapacity
1143 00070507EE        219     THIRTYSEVEN:DB 0x0,0x07,0x05,0x07,0xee,0x22,0xe2,0x22,0xe2
     22E222E2
****WARNING:Thisinstructionexceedingcodememorycapacity
114C 00070507EE        220     THIRTYEIGHTH:DB 0x0,0x07,0x05,0x07,0xee,0x2a,0xee,0x2a,0xee
     2AEE2AEE
****WARNING:Thisinstructionexceedingcodememorycapacity
1155 00070507EE        221     THIRTYNINE:DB 0x0,0x07,0x05,0x07,0xee,0x2a,0xee,0x22,0xee
     2AEE22EE
****WARNING:Thisinstructionexceedingcodememorycapacity
115E 00070507AE        222     FORTY:DB 0x0,0x07,0x05,0x07,0xae,0xaa,0xea,0x2a,0x2e
     AAEA2A2E
****WARNING:Thisinstructionexceedingcodememorycapacity
1167 00070507A4        223     FORTYONE:DB 0x0,0x07,0x05,0x07,0xa4,0xac,0xe4,0x24,0x24
     ACE42424
****WARNING:Thisinstructionexceedingcodememorycapacity
1170 00070507AE        224     FORTYTWO:DB 0x0,0x07,0x05,0x07,0xae,0xa2,0xee,0x28,0x2e
     A2EE282E
****WARNING:Thisinstructionexceedingcodememorycapacity
1179 00070507AE        225     FORTYTHREE:DB 0x0,0x07,0x05,0x07,0xae,0xa2,0xee,0x22,0x2e
     A2EE222E
****WARNING:Thisinstructionexceedingcodememorycapacity
1182 00070507AA        226     FORTYFOUR:DB 0x0,0x07,0x05,0x07,0xaa,0xaa,0xee,0x22,0x22
     AAEE2222
****WARNING:Thisinstructionexceedingcodememorycapacity
118B 00070507AE        227     FORTYFIVE:DB 0x0,0x07,0x05,0x07,0xae,0xa8,0xee,0x22,0x2e
     A8EE222E
****WARNING:Thisinstructionexceedingcodememorycapacity
1194 00070507AE        228     FORTYSIX:DB 0x0,0x07,0x05,0x07,0xae,0xa8,0xee,0x2a,0x2e
     A8EE2A2E
****WARNING:Thisinstructionexceedingcodememorycapacity
119D 00070507AE        229     FORTYSEVEN:DB 0x0,0x07,0x05,0x07,0xae,0xa2,0xe2,0x22,0x22
     A2E22222
****WARNING:Thisinstructionexceedingcodememorycapacity
11A6 00070507AE        230     FORTYEIGHT:DB 0x0,0x07,0x05,0x07,0xae,0xaa,0xee,0x2a,0x2e
     AAEE2A2E
****WARNING:Thisinstructionexceedingcodememorycapacity
11AF 00070507AE        231     FORTYNINE:DB 0x0,0x07,0x05,0x07,0xae,0xaa,0xee,0x22,0x2e
     AAEE222E
****WARNING:Thisinstructionexceedingcodememorycapacity
11B8 00070507EE        232     FIFTY:DB 0x0,0x07,0x05,0x07,0xee,0x8a,0xea,0x2a,0xee
     8AEA2AEE
****WARNING:Thisinstructionexceedingcodememorycapacity
11C1 000705076E        233     ZERO:DB 0x0,0x07,0x05,0x07,0x6e,0x8a,0x6a,0x0a,0xee
     8A6A0AEE
****WARNING:Thisinstructionexceedingcodememorycapacity
                       234     END
ASSEMBLY COMPLETE, NO ERRORS FOUND, 458 WARNINGS


ERROR SUMMARY:
Line 1, WARNING:Thisinstructionexceedingcodememorycapacity
Line 2, WARNING:Thisinstructionexceedingcodememorycapacity
Line 3, WARNING:Thisinstructionexceedingcodememorycapacity
Line 4, WARNING:Thisinstructionexceedingcodememorycapacity
Line 5, WARNING:Thisinstructionexceedingcodememorycapacity
Line 6, WARNING:Thisinstructionexceedingcodememorycapacity
Line 7, WARNING:Thisinstructionexceedingcodememorycapacity
Line 8, WARNING:Thisinstructionexceedingcodememorycapacity
Line 9, WARNING:Thisinstructionexceedingcodememorycapacity
Line 10, WARNING:Thisinstructionexceedingcodememorycapacity
Line 11, WARNING:Thisinstructionexceedingcodememorycapacity
Line 12, WARNING:Thisinstructionexceedingcodememorycapacity
Line 13, WARNING:Thisinstructionexceedingcodememorycapacity
Line 14, WARNING:Thisinstructionexceedingcodememorycapacity
Line 15, WARNING:Thisinstructionexceedingcodememorycapacity
Line 16, WARNING:Thisinstructionexceedingcodememorycapacity
Line 17, WARNING:Thisinstructionexceedingcodememorycapacity
Line 18, WARNING:Thisinstructionexceedingcodememorycapacity
Line 19, WARNING:Thisinstructionexceedingcodememorycapacity
Line 20, WARNING:Thisinstructionexceedingcodememorycapacity
Line 21, WARNING:Thisinstructionexceedingcodememorycapacity
Line 22, WARNING:Thisinstructionexceedingcodememorycapacity
Line 23, WARNING:Thisinstructionexceedingcodememorycapacity
Line 24, WARNING:Thisinstructionexceedingcodememorycapacity
Line 25, WARNING:Thisinstructionexceedingcodememorycapacity
Line 26, WARNING:Thisinstructionexceedingcodememorycapacity
Line 27, WARNING:Thisinstructionexceedingcodememorycapacity
Line 28, WARNING:Thisinstructionexceedingcodememorycapacity
Line 29, WARNING:Thisinstructionexceedingcodememorycapacity
Line 30, WARNING:Thisinstructionexceedingcodememorycapacity
Line 31, WARNING:Thisinstructionexceedingcodememorycapacity
Line 32, WARNING:Thisinstructionexceedingcodememorycapacity
Line 33, WARNING:Thisinstructionexceedingcodememorycapacity
Line 34, WARNING:Thisinstructionexceedingcodememorycapacity
Line 35, WARNING:Thisinstructionexceedingcodememorycapacity
Line 36, WARNING:Thisinstructionexceedingcodememorycapacity
Line 37, WARNING:Thisinstructionexceedingcodememorycapacity
Line 38, WARNING:Thisinstructionexceedingcodememorycapacity
Line 39, WARNING:Thisinstructionexceedingcodememorycapacity
Line 40, WARNING:Thisinstructionexceedingcodememorycapacity
Line 41, WARNING:Thisinstructionexceedingcodememorycapacity
Line 42, WARNING:Thisinstructionexceedingcodememorycapacity
Line 43, WARNING:Thisinstructionexceedingcodememorycapacity
Line 44, WARNING:Thisinstructionexceedingcodememorycapacity
Line 45, WARNING:Thisinstructionexceedingcodememorycapacity
Line 46, WARNING:Thisinstructionexceedingcodememorycapacity
Line 47, WARNING:Thisinstructionexceedingcodememorycapacity
Line 48, WARNING:Thisinstructionexceedingcodememorycapacity
Line 49, WARNING:Thisinstructionexceedingcodememorycapacity
Line 50, WARNING:Thisinstructionexceedingcodememorycapacity
Line 51, WARNING:Thisinstructionexceedingcodememorycapacity
Line 52, WARNING:Thisinstructionexceedingcodememorycapacity
Line 53, WARNING:Thisinstructionexceedingcodememorycapacity
Line 54, WARNING:Thisinstructionexceedingcodememorycapacity
Line 55, WARNING:Thisinstructionexceedingcodememorycapacity
Line 56, WARNING:Thisinstructionexceedingcodememorycapacity
Line 57, WARNING:Thisinstructionexceedingcodememorycapacity
Line 58, WARNING:Thisinstructionexceedingcodememorycapacity
Line 59, WARNING:Thisinstructionexceedingcodememorycapacity
Line 60, WARNING:Thisinstructionexceedingcodememorycapacity
Line 61, WARNING:Thisinstructionexceedingcodememorycapacity
Line 62, WARNING:Thisinstructionexceedingcodememorycapacity
Line 63, WARNING:Thisinstructionexceedingcodememorycapacity
Line 64, WARNING:Thisinstructionexceedingcodememorycapacity
Line 65, WARNING:Thisinstructionexceedingcodememorycapacity
Line 66, WARNING:Thisinstructionexceedingcodememorycapacity
Line 67, WARNING:Thisinstructionexceedingcodememorycapacity
Line 68, WARNING:Thisinstructionexceedingcodememorycapacity
Line 69, WARNING:Thisinstructionexceedingcodememorycapacity
Line 70, WARNING:Thisinstructionexceedingcodememorycapacity
Line 71, WARNING:Thisinstructionexceedingcodememorycapacity
Line 72, WARNING:Thisinstructionexceedingcodememorycapacity
Line 73, WARNING:Thisinstructionexceedingcodememorycapacity
Line 74, WARNING:Thisinstructionexceedingcodememorycapacity
Line 75, WARNING:Thisinstructionexceedingcodememorycapacity
Line 76, WARNING:Thisinstructionexceedingcodememorycapacity
Line 77, WARNING:Thisinstructionexceedingcodememorycapacity
Line 78, WARNING:Thisinstructionexceedingcodememorycapacity
Line 79, WARNING:Thisinstructionexceedingcodememorycapacity
Line 80, WARNING:Thisinstructionexceedingcodememorycapacity
Line 81, WARNING:Thisinstructionexceedingcodememorycapacity
Line 82, WARNING:Thisinstructionexceedingcodememorycapacity
Line 83, WARNING:Thisinstructionexceedingcodememorycapacity
Line 84, WARNING:Thisinstructionexceedingcodememorycapacity
Line 85, WARNING:Thisinstructionexceedingcodememorycapacity
Line 86, WARNING:Thisinstructionexceedingcodememorycapacity
Line 87, WARNING:Thisinstructionexceedingcodememorycapacity
Line 88, WARNING:Thisinstructionexceedingcodememorycapacity
Line 89, WARNING:Thisinstructionexceedingcodememorycapacity
Line 90, WARNING:Thisinstructionexceedingcodememorycapacity
Line 91, WARNING:Thisinstructionexceedingcodememorycapacity
Line 92, WARNING:Thisinstructionexceedingcodememorycapacity
Line 93, WARNING:Thisinstructionexceedingcodememorycapacity
Line 94, WARNING:Thisinstructionexceedingcodememorycapacity
Line 95, WARNING:Thisinstructionexceedingcodememorycapacity
Line 96, WARNING:Thisinstructionexceedingcodememorycapacity
Line 97, WARNING:Thisinstructionexceedingcodememorycapacity
Line 98, WARNING:Thisinstructionexceedingcodememorycapacity
Line 99, WARNING:Thisinstructionexceedingcodememorycapacity
Line 100, WARNING:Thisinstructionexceedingcodememorycapacity
Line 101, WARNING:Thisinstructionexceedingcodememorycapacity
Line 102, WARNING:Thisinstructionexceedingcodememorycapacity
Line 103, WARNING:Thisinstructionexceedingcodememorycapacity
Line 104, WARNING:Thisinstructionexceedingcodememorycapacity
Line 105, WARNING:Thisinstructionexceedingcodememorycapacity
Line 106, WARNING:Thisinstructionexceedingcodememorycapacity
Line 107, WARNING:Thisinstructionexceedingcodememorycapacity
Line 108, WARNING:Thisinstructionexceedingcodememorycapacity
Line 109, WARNING:Thisinstructionexceedingcodememorycapacity
Line 110, WARNING:Thisinstructionexceedingcodememorycapacity
Line 111, WARNING:Thisinstructionexceedingcodememorycapacity
Line 112, WARNING:Thisinstructionexceedingcodememorycapacity
Line 113, WARNING:Thisinstructionexceedingcodememorycapacity
Line 114, WARNING:Thisinstructionexceedingcodememorycapacity
Line 115, WARNING:Thisinstructionexceedingcodememorycapacity
Line 116, WARNING:Thisinstructionexceedingcodememorycapacity
Line 117, WARNING:Thisinstructionexceedingcodememorycapacity
Line 118, WARNING:Thisinstructionexceedingcodememorycapacity
Line 119, WARNING:Thisinstructionexceedingcodememorycapacity
Line 120, WARNING:Thisinstructionexceedingcodememorycapacity
Line 121, WARNING:Thisinstructionexceedingcodememorycapacity
Line 122, WARNING:Thisinstructionexceedingcodememorycapacity
Line 123, WARNING:Thisinstructionexceedingcodememorycapacity
Line 124, WARNING:Thisinstructionexceedingcodememorycapacity
Line 125, WARNING:Thisinstructionexceedingcodememorycapacity
Line 126, WARNING:Thisinstructionexceedingcodememorycapacity
Line 127, WARNING:Thisinstructionexceedingcodememorycapacity
Line 128, WARNING:Thisinstructionexceedingcodememorycapacity
Line 129, WARNING:Thisinstructionexceedingcodememorycapacity
Line 130, WARNING:Thisinstructionexceedingcodememorycapacity
Line 131, WARNING:Thisinstructionexceedingcodememorycapacity
Line 132, WARNING:Thisinstructionexceedingcodememorycapacity
Line 133, WARNING:Thisinstructionexceedingcodememorycapacity
Line 134, WARNING:Thisinstructionexceedingcodememorycapacity
Line 135, WARNING:Thisinstructionexceedingcodememorycapacity
Line 136, WARNING:Thisinstructionexceedingcodememorycapacity
Line 137, WARNING:Thisinstructionexceedingcodememorycapacity
Line 138, WARNING:Thisinstructionexceedingcodememorycapacity
Line 139, WARNING:Thisinstructionexceedingcodememorycapacity
Line 140, WARNING:Thisinstructionexceedingcodememorycapacity
Line 141, WARNING:Thisinstructionexceedingcodememorycapacity
Line 142, WARNING:Thisinstructionexceedingcodememorycapacity
Line 143, WARNING:Thisinstructionexceedingcodememorycapacity
Line 144, WARNING:Thisinstructionexceedingcodememorycapacity
Line 145, WARNING:Thisinstructionexceedingcodememorycapacity
Line 146, WARNING:Thisinstructionexceedingcodememorycapacity
Line 147, WARNING:Thisinstructionexceedingcodememorycapacity
Line 148, WARNING:Thisinstructionexceedingcodememorycapacity
Line 149, WARNING:Thisinstructionexceedingcodememorycapacity
Line 150, WARNING:Thisinstructionexceedingcodememorycapacity
Line 151, WARNING:Thisinstructionexceedingcodememorycapacity
Line 152, WARNING:Thisinstructionexceedingcodememorycapacity
Line 153, WARNING:Thisinstructionexceedingcodememorycapacity
Line 154, WARNING:Thisinstructionexceedingcodememorycapacity
Line 155, WARNING:Thisinstructionexceedingcodememorycapacity
Line 156, WARNING:Thisinstructionexceedingcodememorycapacity
Line 157, WARNING:Thisinstructionexceedingcodememorycapacity
Line 158, WARNING:Thisinstructionexceedingcodememorycapacity
Line 159, WARNING:Thisinstructionexceedingcodememorycapacity
Line 160, WARNING:Thisinstructionexceedingcodememorycapacity
Line 161, WARNING:Thisinstructionexceedingcodememorycapacity
Line 162, WARNING:Thisinstructionexceedingcodememorycapacity
Line 163, WARNING:Thisinstructionexceedingcodememorycapacity
Line 164, WARNING:Thisinstructionexceedingcodememorycapacity
Line 165, WARNING:Thisinstructionexceedingcodememorycapacity
Line 166, WARNING:Thisinstructionexceedingcodememorycapacity
Line 167, WARNING:Thisinstructionexceedingcodememorycapacity
Line 168, WARNING:Thisinstructionexceedingcodememorycapacity
Line 169, WARNING:Thisinstructionexceedingcodememorycapacity
Line 170, WARNING:Thisinstructionexceedingcodememorycapacity
Line 171, WARNING:Thisinstructionexceedingcodememorycapacity
Line 172, WARNING:Thisinstructionexceedingcodememorycapacity
Line 173, WARNING:Thisinstructionexceedingcodememorycapacity
Line 174, WARNING:Thisinstructionexceedingcodememorycapacity
Line 175, WARNING:Thisinstructionexceedingcodememorycapacity
Line 176, WARNING:Thisinstructionexceedingcodememorycapacity
Line 177, WARNING:Thisinstructionexceedingcodememorycapacity
Line 178, WARNING:Thisinstructionexceedingcodememorycapacity
Line 179, WARNING:Thisinstructionexceedingcodememorycapacity
Line 180, WARNING:Thisinstructionexceedingcodememorycapacity
Line 181, WARNING:Thisinstructionexceedingcodememorycapacity
Line 182, WARNING:Thisinstructionexceedingcodememorycapacity
Line 183, WARNING:Thisinstructionexceedingcodememorycapacity
Line 184, WARNING:Thisinstructionexceedingcodememorycapacity
Line 185, WARNING:Thisinstructionexceedingcodememorycapacity
Line 186, WARNING:Thisinstructionexceedingcodememorycapacity
Line 187, WARNING:Thisinstructionexceedingcodememorycapacity
Line 188, WARNING:Thisinstructionexceedingcodememorycapacity
Line 189, WARNING:Thisinstructionexceedingcodememorycapacity
Line 190, WARNING:Thisinstructionexceedingcodememorycapacity
Line 191, WARNING:Thisinstructionexceedingcodememorycapacity
Line 192, WARNING:Thisinstructionexceedingcodememorycapacity
Line 193, WARNING:Thisinstructionexceedingcodememorycapacity
Line 194, WARNING:Thisinstructionexceedingcodememorycapacity
Line 195, WARNING:Thisinstructionexceedingcodememorycapacity
Line 196, WARNING:Thisinstructionexceedingcodememorycapacity
Line 197, WARNING:Thisinstructionexceedingcodememorycapacity
Line 198, WARNING:Thisinstructionexceedingcodememorycapacity
Line 199, WARNING:Thisinstructionexceedingcodememorycapacity
Line 200, WARNING:Thisinstructionexceedingcodememorycapacity
Line 201, WARNING:Thisinstructionexceedingcodememorycapacity
Line 202, WARNING:Thisinstructionexceedingcodememorycapacity
Line 203, WARNING:Thisinstructionexceedingcodememorycapacity
Line 204, WARNING:Thisinstructionexceedingcodememorycapacity
Line 205, WARNING:Thisinstructionexceedingcodememorycapacity
Line 206, WARNING:Thisinstructionexceedingcodememorycapacity
Line 207, WARNING:Thisinstructionexceedingcodememorycapacity
Line 208, WARNING:Thisinstructionexceedingcodememorycapacity
Line 209, WARNING:Thisinstructionexceedingcodememorycapacity
Line 210, WARNING:Thisinstructionexceedingcodememorycapacity
Line 211, WARNING:Thisinstructionexceedingcodememorycapacity
Line 212, WARNING:Thisinstructionexceedingcodememorycapacity
Line 213, WARNING:Thisinstructionexceedingcodememorycapacity
Line 214, WARNING:Thisinstructionexceedingcodememorycapacity
Line 215, WARNING:Thisinstructionexceedingcodememorycapacity
Line 216, WARNING:Thisinstructionexceedingcodememorycapacity
Line 217, WARNING:Thisinstructionexceedingcodememorycapacity
Line 218, WARNING:Thisinstructionexceedingcodememorycapacity
Line 219, WARNING:Thisinstructionexceedingcodememorycapacity
Line 220, WARNING:Thisinstructionexceedingcodememorycapacity
Line 221, WARNING:Thisinstructionexceedingcodememorycapacity
Line 222, WARNING:Thisinstructionexceedingcodememorycapacity
Line 223, WARNING:Thisinstructionexceedingcodememorycapacity
Line 224, WARNING:Thisinstructionexceedingcodememorycapacity
Line 225, WARNING:Thisinstructionexceedingcodememorycapacity
Line 226, WARNING:Thisinstructionexceedingcodememorycapacity
Line 227, WARNING:Thisinstructionexceedingcodememorycapacity
Line 228, WARNING:Thisinstructionexceedingcodememorycapacity
Line 229, WARNING:Thisinstructionexceedingcodememorycapacity
Line 230, WARNING:Thisinstructionexceedingcodememorycapacity
Line 231, WARNING:Thisinstructionexceedingcodememorycapacity
Line 232, WARNING:Thisinstructionexceedingcodememorycapacity
Line 233, WARNING:Thisinstructionexceedingcodememorycapacity
Line 234, WARNING:Thisinstructionexceedingcodememorycapacity
Line 235, WARNING:Thisinstructionexceedingcodememorycapacity
Line 236, WARNING:Thisinstructionexceedingcodememorycapacity
Line 237, WARNING:Thisinstructionexceedingcodememorycapacity
Line 238, WARNING:Thisinstructionexceedingcodememorycapacity
Line 239, WARNING:Thisinstructionexceedingcodememorycapacity
Line 240, WARNING:Thisinstructionexceedingcodememorycapacity
Line 241, WARNING:Thisinstructionexceedingcodememorycapacity
Line 242, WARNING:Thisinstructionexceedingcodememorycapacity
Line 243, WARNING:Thisinstructionexceedingcodememorycapacity
Line 244, WARNING:Thisinstructionexceedingcodememorycapacity
Line 245, WARNING:Thisinstructionexceedingcodememorycapacity
Line 246, WARNING:Thisinstructionexceedingcodememorycapacity
Line 247, WARNING:Thisinstructionexceedingcodememorycapacity
Line 248, WARNING:Thisinstructionexceedingcodememorycapacity
Line 249, WARNING:Thisinstructionexceedingcodememorycapacity
Line 250, WARNING:Thisinstructionexceedingcodememorycapacity
Line 251, WARNING:Thisinstructionexceedingcodememorycapacity
Line 252, WARNING:Thisinstructionexceedingcodememorycapacity
Line 253, WARNING:Thisinstructionexceedingcodememorycapacity
Line 254, WARNING:Thisinstructionexceedingcodememorycapacity
Line 255, WARNING:Thisinstructionexceedingcodememorycapacity
Line 256, WARNING:Thisinstructionexceedingcodememorycapacity
Line 257, WARNING:Thisinstructionexceedingcodememorycapacity
Line 258, WARNING:Thisinstructionexceedingcodememorycapacity
Line 259, WARNING:Thisinstructionexceedingcodememorycapacity
Line 260, WARNING:Thisinstructionexceedingcodememorycapacity
Line 261, WARNING:Thisinstructionexceedingcodememorycapacity
Line 262, WARNING:Thisinstructionexceedingcodememorycapacity
Line 263, WARNING:Thisinstructionexceedingcodememorycapacity
Line 264, WARNING:Thisinstructionexceedingcodememorycapacity
Line 265, WARNING:Thisinstructionexceedingcodememorycapacity
Line 266, WARNING:Thisinstructionexceedingcodememorycapacity
Line 267, WARNING:Thisinstructionexceedingcodememorycapacity
Line 268, WARNING:Thisinstructionexceedingcodememorycapacity
Line 269, WARNING:Thisinstructionexceedingcodememorycapacity
Line 270, WARNING:Thisinstructionexceedingcodememorycapacity
Line 271, WARNING:Thisinstructionexceedingcodememorycapacity
Line 272, WARNING:Thisinstructionexceedingcodememorycapacity
Line 273, WARNING:Thisinstructionexceedingcodememorycapacity
Line 274, WARNING:Thisinstructionexceedingcodememorycapacity
Line 275, WARNING:Thisinstructionexceedingcodememorycapacity
Line 276, WARNING:Thisinstructionexceedingcodememorycapacity
Line 277, WARNING:Thisinstructionexceedingcodememorycapacity
Line 278, WARNING:Thisinstructionexceedingcodememorycapacity
Line 279, WARNING:Thisinstructionexceedingcodememorycapacity
Line 280, WARNING:Thisinstructionexceedingcodememorycapacity
Line 281, WARNING:Thisinstructionexceedingcodememorycapacity
Line 282, WARNING:Thisinstructionexceedingcodememorycapacity
Line 283, WARNING:Thisinstructionexceedingcodememorycapacity
Line 284, WARNING:Thisinstructionexceedingcodememorycapacity
Line 285, WARNING:Thisinstructionexceedingcodememorycapacity
Line 286, WARNING:Thisinstructionexceedingcodememorycapacity
Line 287, WARNING:Thisinstructionexceedingcodememorycapacity
Line 288, WARNING:Thisinstructionexceedingcodememorycapacity
Line 289, WARNING:Thisinstructionexceedingcodememorycapacity
Line 290, WARNING:Thisinstructionexceedingcodememorycapacity
Line 291, WARNING:Thisinstructionexceedingcodememorycapacity
Line 292, WARNING:Thisinstructionexceedingcodememorycapacity
Line 293, WARNING:Thisinstructionexceedingcodememorycapacity
Line 294, WARNING:Thisinstructionexceedingcodememorycapacity
Line 295, WARNING:Thisinstructionexceedingcodememorycapacity
Line 296, WARNING:Thisinstructionexceedingcodememorycapacity
Line 297, WARNING:Thisinstructionexceedingcodememorycapacity
Line 298, WARNING:Thisinstructionexceedingcodememorycapacity
Line 299, WARNING:Thisinstructionexceedingcodememorycapacity
Line 300, WARNING:Thisinstructionexceedingcodememorycapacity
Line 301, WARNING:Thisinstructionexceedingcodememorycapacity
Line 302, WARNING:Thisinstructionexceedingcodememorycapacity
Line 303, WARNING:Thisinstructionexceedingcodememorycapacity
Line 304, WARNING:Thisinstructionexceedingcodememorycapacity
Line 305, WARNING:Thisinstructionexceedingcodememorycapacity
Line 306, WARNING:Thisinstructionexceedingcodememorycapacity
Line 307, WARNING:Thisinstructionexceedingcodememorycapacity
Line 308, WARNING:Thisinstructionexceedingcodememorycapacity
Line 309, WARNING:Thisinstructionexceedingcodememorycapacity
Line 310, WARNING:Thisinstructionexceedingcodememorycapacity
Line 311, WARNING:Thisinstructionexceedingcodememorycapacity
Line 312, WARNING:Thisinstructionexceedingcodememorycapacity
Line 313, WARNING:Thisinstructionexceedingcodememorycapacity
Line 314, WARNING:Thisinstructionexceedingcodememorycapacity
Line 315, WARNING:Thisinstructionexceedingcodememorycapacity
Line 316, WARNING:Thisinstructionexceedingcodememorycapacity
Line 317, WARNING:Thisinstructionexceedingcodememorycapacity
Line 318, WARNING:Thisinstructionexceedingcodememorycapacity
Line 319, WARNING:Thisinstructionexceedingcodememorycapacity
Line 320, WARNING:Thisinstructionexceedingcodememorycapacity
Line 321, WARNING:Thisinstructionexceedingcodememorycapacity
Line 322, WARNING:Thisinstructionexceedingcodememorycapacity
Line 323, WARNING:Thisinstructionexceedingcodememorycapacity
Line 324, WARNING:Thisinstructionexceedingcodememorycapacity
Line 325, WARNING:Thisinstructionexceedingcodememorycapacity
Line 326, WARNING:Thisinstructionexceedingcodememorycapacity
Line 327, WARNING:Thisinstructionexceedingcodememorycapacity
Line 328, WARNING:Thisinstructionexceedingcodememorycapacity
Line 329, WARNING:Thisinstructionexceedingcodememorycapacity
Line 330, WARNING:Thisinstructionexceedingcodememorycapacity
Line 331, WARNING:Thisinstructionexceedingcodememorycapacity
Line 332, WARNING:Thisinstructionexceedingcodememorycapacity
Line 333, WARNING:Thisinstructionexceedingcodememorycapacity
Line 334, WARNING:Thisinstructionexceedingcodememorycapacity
Line 335, WARNING:Thisinstructionexceedingcodememorycapacity
Line 336, WARNING:Thisinstructionexceedingcodememorycapacity
Line 337, WARNING:Thisinstructionexceedingcodememorycapacity
Line 338, WARNING:Thisinstructionexceedingcodememorycapacity
Line 339, WARNING:Thisinstructionexceedingcodememorycapacity
Line 340, WARNING:Thisinstructionexceedingcodememorycapacity
Line 341, WARNING:Thisinstructionexceedingcodememorycapacity
Line 342, WARNING:Thisinstructionexceedingcodememorycapacity
Line 343, WARNING:Thisinstructionexceedingcodememorycapacity
Line 344, WARNING:Thisinstructionexceedingcodememorycapacity
Line 345, WARNING:Thisinstructionexceedingcodememorycapacity
Line 346, WARNING:Thisinstructionexceedingcodememorycapacity
Line 347, WARNING:Thisinstructionexceedingcodememorycapacity
Line 348, WARNING:Thisinstructionexceedingcodememorycapacity
Line 349, WARNING:Thisinstructionexceedingcodememorycapacity
Line 350, WARNING:Thisinstructionexceedingcodememorycapacity
Line 351, WARNING:Thisinstructionexceedingcodememorycapacity
Line 352, WARNING:Thisinstructionexceedingcodememorycapacity
Line 353, WARNING:Thisinstructionexceedingcodememorycapacity
Line 354, WARNING:Thisinstructionexceedingcodememorycapacity
Line 355, WARNING:Thisinstructionexceedingcodememorycapacity
Line 356, WARNING:Thisinstructionexceedingcodememorycapacity
Line 357, WARNING:Thisinstructionexceedingcodememorycapacity
Line 358, WARNING:Thisinstructionexceedingcodememorycapacity
Line 359, WARNING:Thisinstructionexceedingcodememorycapacity
Line 360, WARNING:Thisinstructionexceedingcodememorycapacity
Line 361, WARNING:Thisinstructionexceedingcodememorycapacity
Line 362, WARNING:Thisinstructionexceedingcodememorycapacity
Line 363, WARNING:Thisinstructionexceedingcodememorycapacity
Line 364, WARNING:Thisinstructionexceedingcodememorycapacity
Line 365, WARNING:Thisinstructionexceedingcodememorycapacity
Line 366, WARNING:Thisinstructionexceedingcodememorycapacity
Line 367, WARNING:Thisinstructionexceedingcodememorycapacity
Line 368, WARNING:Thisinstructionexceedingcodememorycapacity
Line 369, WARNING:Thisinstructionexceedingcodememorycapacity
Line 370, WARNING:Thisinstructionexceedingcodememorycapacity
Line 371, WARNING:Thisinstructionexceedingcodememorycapacity
Line 372, WARNING:Thisinstructionexceedingcodememorycapacity
Line 373, WARNING:Thisinstructionexceedingcodememorycapacity
Line 374, WARNING:Thisinstructionexceedingcodememorycapacity
Line 375, WARNING:Thisinstructionexceedingcodememorycapacity
Line 376, WARNING:Thisinstructionexceedingcodememorycapacity
Line 377, WARNING:Thisinstructionexceedingcodememorycapacity
Line 378, WARNING:Thisinstructionexceedingcodememorycapacity
Line 379, WARNING:Thisinstructionexceedingcodememorycapacity
Line 380, WARNING:Thisinstructionexceedingcodememorycapacity
Line 381, WARNING:Thisinstructionexceedingcodememorycapacity
Line 382, WARNING:Thisinstructionexceedingcodememorycapacity
Line 383, WARNING:Thisinstructionexceedingcodememorycapacity
Line 384, WARNING:Thisinstructionexceedingcodememorycapacity
Line 385, WARNING:Thisinstructionexceedingcodememorycapacity
Line 386, WARNING:Thisinstructionexceedingcodememorycapacity
Line 387, WARNING:Thisinstructionexceedingcodememorycapacity
Line 388, WARNING:Thisinstructionexceedingcodememorycapacity
Line 389, WARNING:Thisinstructionexceedingcodememorycapacity
Line 390, WARNING:Thisinstructionexceedingcodememorycapacity
Line 391, WARNING:Thisinstructionexceedingcodememorycapacity
Line 392, WARNING:Thisinstructionexceedingcodememorycapacity
Line 393, WARNING:Thisinstructionexceedingcodememorycapacity
Line 394, WARNING:Thisinstructionexceedingcodememorycapacity
Line 395, WARNING:Thisinstructionexceedingcodememorycapacity
Line 396, WARNING:Thisinstructionexceedingcodememorycapacity
Line 397, WARNING:Thisinstructionexceedingcodememorycapacity
Line 398, WARNING:Thisinstructionexceedingcodememorycapacity
Line 399, WARNING:Thisinstructionexceedingcodememorycapacity
Line 400, WARNING:Thisinstructionexceedingcodememorycapacity
Line 401, WARNING:Thisinstructionexceedingcodememorycapacity
Line 402, WARNING:Thisinstructionexceedingcodememorycapacity
Line 403, WARNING:Thisinstructionexceedingcodememorycapacity
Line 404, WARNING:Thisinstructionexceedingcodememorycapacity
Line 405, WARNING:Thisinstructionexceedingcodememorycapacity
Line 406, WARNING:Thisinstructionexceedingcodememorycapacity
Line 407, WARNING:Thisinstructionexceedingcodememorycapacity
Line 408, WARNING:Thisinstructionexceedingcodememorycapacity
Line 592, WARNING:Thisinstructionexceedingcodememorycapacity
Line 594, WARNING:Thisinstructionexceedingcodememorycapacity
Line 596, WARNING:Thisinstructionexceedingcodememorycapacity
Line 598, WARNING:Thisinstructionexceedingcodememorycapacity
Line 600, WARNING:Thisinstructionexceedingcodememorycapacity
Line 602, WARNING:Thisinstructionexceedingcodememorycapacity
Line 604, WARNING:Thisinstructionexceedingcodememorycapacity
Line 606, WARNING:Thisinstructionexceedingcodememorycapacity
Line 608, WARNING:Thisinstructionexceedingcodememorycapacity
Line 610, WARNING:Thisinstructionexceedingcodememorycapacity
Line 612, WARNING:Thisinstructionexceedingcodememorycapacity
Line 614, WARNING:Thisinstructionexceedingcodememorycapacity
Line 616, WARNING:Thisinstructionexceedingcodememorycapacity
Line 618, WARNING:Thisinstructionexceedingcodememorycapacity
Line 620, WARNING:Thisinstructionexceedingcodememorycapacity
Line 622, WARNING:Thisinstructionexceedingcodememorycapacity
Line 624, WARNING:Thisinstructionexceedingcodememorycapacity
Line 626, WARNING:Thisinstructionexceedingcodememorycapacity
Line 628, WARNING:Thisinstructionexceedingcodememorycapacity
Line 630, WARNING:Thisinstructionexceedingcodememorycapacity
Line 632, WARNING:Thisinstructionexceedingcodememorycapacity
Line 634, WARNING:Thisinstructionexceedingcodememorycapacity
Line 636, WARNING:Thisinstructionexceedingcodememorycapacity
Line 638, WARNING:Thisinstructionexceedingcodememorycapacity
Line 640, WARNING:Thisinstructionexceedingcodememorycapacity
Line 642, WARNING:Thisinstructionexceedingcodememorycapacity
Line 644, WARNING:Thisinstructionexceedingcodememorycapacity
Line 646, WARNING:Thisinstructionexceedingcodememorycapacity
Line 648, WARNING:Thisinstructionexceedingcodememorycapacity
Line 650, WARNING:Thisinstructionexceedingcodememorycapacity
Line 652, WARNING:Thisinstructionexceedingcodememorycapacity
Line 654, WARNING:Thisinstructionexceedingcodememorycapacity
Line 656, WARNING:Thisinstructionexceedingcodememorycapacity
Line 658, WARNING:Thisinstructionexceedingcodememorycapacity
Line 660, WARNING:Thisinstructionexceedingcodememorycapacity
Line 662, WARNING:Thisinstructionexceedingcodememorycapacity
Line 664, WARNING:Thisinstructionexceedingcodememorycapacity
Line 666, WARNING:Thisinstructionexceedingcodememorycapacity
Line 668, WARNING:Thisinstructionexceedingcodememorycapacity
Line 670, WARNING:Thisinstructionexceedingcodememorycapacity
Line 672, WARNING:Thisinstructionexceedingcodememorycapacity
Line 674, WARNING:Thisinstructionexceedingcodememorycapacity
Line 676, WARNING:Thisinstructionexceedingcodememorycapacity
Line 678, WARNING:Thisinstructionexceedingcodememorycapacity
Line 680, WARNING:Thisinstructionexceedingcodememorycapacity
Line 682, WARNING:Thisinstructionexceedingcodememorycapacity
Line 684, WARNING:Thisinstructionexceedingcodememorycapacity
Line 686, WARNING:Thisinstructionexceedingcodememorycapacity
Line 688, WARNING:Thisinstructionexceedingcodememorycapacity
Line 690, WARNING:Thisinstructionexceedingcodememorycapacity

SYMBOL TABLE:
??MCU_8051_IDE . . . . . . . . . . .  N  NUMB  8051H  NOT USED
??VERSION. . . . . . . . . . . . . .  N  NUMB  0149H  NOT USED
AC . . . . . . . . . . . . . . . . .  B  ADDR  00D6H  NOT USED
ACC. . . . . . . . . . . . . . . . .  D  ADDR  00E0H  NOT USED
ACSR . . . . . . . . . . . . . . . .  D  ADDR  0097H  NOT USED
ADCF . . . . . . . . . . . . . . . .  D  ADDR  00F6H  NOT USED
ADCLK. . . . . . . . . . . . . . . .  D  ADDR  00F2H  NOT USED
ADCON. . . . . . . . . . . . . . . .  D  ADDR  00F3H  NOT USED
ADDH . . . . . . . . . . . . . . . .  D  ADDR  00F5H  NOT USED
ADDL . . . . . . . . . . . . . . . .  D  ADDR  00F4H  NOT USED
AUXR . . . . . . . . . . . . . . . .  D  ADDR  008EH  NOT USED
AUXR1. . . . . . . . . . . . . . . .  D  ADDR  00A2H  NOT USED
B. . . . . . . . . . . . . . . . . .  D  ADDR  00F0H  NOT USED
BACK . . . . . . . . . . . . . . . .  C  ADDR  0005H
BACK1. . . . . . . . . . . . . . . .  C  ADDR  01EEH
BDRCON . . . . . . . . . . . . . . .  D  ADDR  009BH  NOT USED
BDRCON_1 . . . . . . . . . . . . . .  D  ADDR  009CH  NOT USED
BRL. . . . . . . . . . . . . . . . .  D  ADDR  009AH  NOT USED
CCAP0H . . . . . . . . . . . . . . .  D  ADDR  00FAH  NOT USED
CCAP0L . . . . . . . . . . . . . . .  D  ADDR  00EAH  NOT USED
CCAP1H . . . . . . . . . . . . . . .  D  ADDR  00FBH  NOT USED
CCAP1L . . . . . . . . . . . . . . .  D  ADDR  00EBH  NOT USED
CCAP2H . . . . . . . . . . . . . . .  D  ADDR  00FCH  NOT USED
CCAP3H . . . . . . . . . . . . . . .  D  ADDR  00FDH  NOT USED
CCAP4H . . . . . . . . . . . . . . .  D  ADDR  00FEH  NOT USED
CCAPL2H. . . . . . . . . . . . . . .  D  ADDR  00FCH  NOT USED
CCAPL2L. . . . . . . . . . . . . . .  D  ADDR  00ECH  NOT USED
CCAPL3H. . . . . . . . . . . . . . .  D  ADDR  00FDH  NOT USED
CCAPL3L. . . . . . . . . . . . . . .  D  ADDR  00EDH  NOT USED
CCAPL4H. . . . . . . . . . . . . . .  D  ADDR  00FEH  NOT USED
CCAPL4L. . . . . . . . . . . . . . .  D  ADDR  00EEH  NOT USED
CCAPM0 . . . . . . . . . . . . . . .  D  ADDR  00DAH  NOT USED
CCAPM1 . . . . . . . . . . . . . . .  D  ADDR  00DBH  NOT USED
CCAPM2 . . . . . . . . . . . . . . .  D  ADDR  00DCH  NOT USED
CCAPM3 . . . . . . . . . . . . . . .  D  ADDR  00DDH  NOT USED
CCAPM4 . . . . . . . . . . . . . . .  D  ADDR  00DEH  NOT USED
CCF0 . . . . . . . . . . . . . . . .  B  ADDR  00D8H  NOT USED
CCF1 . . . . . . . . . . . . . . . .  B  ADDR  00D9H  NOT USED
CCF2 . . . . . . . . . . . . . . . .  B  ADDR  00DAH  NOT USED
CCF3 . . . . . . . . . . . . . . . .  B  ADDR  00DBH  NOT USED
CCF4 . . . . . . . . . . . . . . . .  B  ADDR  00DCH  NOT USED
CCON . . . . . . . . . . . . . . . .  D  ADDR  00D8H  NOT USED
CFINT. . . . . . . . . . . . . . . .  C  ADDR  0033H  NOT USED
CH . . . . . . . . . . . . . . . . .  D  ADDR  00F9H  NOT USED
CKCON. . . . . . . . . . . . . . . .  D  ADDR  008FH  NOT USED
CKCON0 . . . . . . . . . . . . . . .  D  ADDR  008FH  NOT USED
CKRL . . . . . . . . . . . . . . . .  D  ADDR  0097H  NOT USED
CKSEL. . . . . . . . . . . . . . . .  D  ADDR  0085H  NOT USED
CL . . . . . . . . . . . . . . . . .  D  ADDR  00E9H  NOT USED
CLKREG . . . . . . . . . . . . . . .  D  ADDR  008FH  NOT USED
CMOD . . . . . . . . . . . . . . . .  D  ADDR  00D9H  NOT USED
COND0. . . . . . . . . . . . . . . .  C  ADDR  01C2H
COND1. . . . . . . . . . . . . . . .  C  ADDR  000FH  NOT USED
COND10 . . . . . . . . . . . . . . .  C  ADDR  0060H
COND11 . . . . . . . . . . . . . . .  C  ADDR  0069H
COND12 . . . . . . . . . . . . . . .  C  ADDR  0072H
COND13 . . . . . . . . . . . . . . .  C  ADDR  007BH
COND14 . . . . . . . . . . . . . . .  C  ADDR  0084H
COND15 . . . . . . . . . . . . . . .  C  ADDR  008DH
COND16 . . . . . . . . . . . . . . .  C  ADDR  0096H
COND17 . . . . . . . . . . . . . . .  C  ADDR  009FH
COND18 . . . . . . . . . . . . . . .  C  ADDR  00A8H
COND19 . . . . . . . . . . . . . . .  C  ADDR  00B1H
COND2. . . . . . . . . . . . . . . .  C  ADDR  0018H
COND20 . . . . . . . . . . . . . . .  C  ADDR  00BAH
COND21 . . . . . . . . . . . . . . .  C  ADDR  00C3H
COND22 . . . . . . . . . . . . . . .  C  ADDR  00CCH
COND23 . . . . . . . . . . . . . . .  C  ADDR  00D5H
COND24 . . . . . . . . . . . . . . .  C  ADDR  00DEH
COND25 . . . . . . . . . . . . . . .  C  ADDR  00E7H
COND26 . . . . . . . . . . . . . . .  C  ADDR  00F0H
COND27 . . . . . . . . . . . . . . .  C  ADDR  00F9H
COND28 . . . . . . . . . . . . . . .  C  ADDR  0102H
COND29 . . . . . . . . . . . . . . .  C  ADDR  010BH
COND3. . . . . . . . . . . . . . . .  C  ADDR  0021H
COND30 . . . . . . . . . . . . . . .  C  ADDR  0114H
COND31 . . . . . . . . . . . . . . .  C  ADDR  011DH
COND32 . . . . . . . . . . . . . . .  C  ADDR  0126H
COND33 . . . . . . . . . . . . . . .  C  ADDR  012FH
COND34 . . . . . . . . . . . . . . .  C  ADDR  0138H
COND35 . . . . . . . . . . . . . . .  C  ADDR  0141H
COND36 . . . . . . . . . . . . . . .  C  ADDR  014AH
COND37 . . . . . . . . . . . . . . .  C  ADDR  0152H
COND38 . . . . . . . . . . . . . . .  C  ADDR  015AH
COND39 . . . . . . . . . . . . . . .  C  ADDR  0162H
COND4. . . . . . . . . . . . . . . .  C  ADDR  002AH
COND40 . . . . . . . . . . . . . . .  C  ADDR  016AH
COND41 . . . . . . . . . . . . . . .  C  ADDR  0172H
COND42 . . . . . . . . . . . . . . .  C  ADDR  017AH
COND43 . . . . . . . . . . . . . . .  C  ADDR  0182H
COND44 . . . . . . . . . . . . . . .  C  ADDR  018AH
COND45 . . . . . . . . . . . . . . .  C  ADDR  0192H
COND46 . . . . . . . . . . . . . . .  C  ADDR  019AH
COND47 . . . . . . . . . . . . . . .  C  ADDR  01A2H
COND48 . . . . . . . . . . . . . . .  C  ADDR  01AAH
COND49 . . . . . . . . . . . . . . .  C  ADDR  01B2H
COND5. . . . . . . . . . . . . . . .  C  ADDR  0033H
COND50 . . . . . . . . . . . . . . .  C  ADDR  01BAH
COND6. . . . . . . . . . . . . . . .  C  ADDR  003CH
COND7. . . . . . . . . . . . . . . .  C  ADDR  0045H
COND8. . . . . . . . . . . . . . . .  C  ADDR  004EH
COND9. . . . . . . . . . . . . . . .  C  ADDR  0057H
CPRL2. . . . . . . . . . . . . . . .  B  ADDR  00C8H  NOT USED
CR . . . . . . . . . . . . . . . . .  B  ADDR  00DEH  NOT USED
CT2. . . . . . . . . . . . . . . . .  B  ADDR  00C9H  NOT USED
CY . . . . . . . . . . . . . . . . .  B  ADDR  00D7H  NOT USED
DELAY. . . . . . . . . . . . . . . .  C  ADDR  01DEH
DP0H . . . . . . . . . . . . . . . .  D  ADDR  0083H  NOT USED
DP0L . . . . . . . . . . . . . . . .  D  ADDR  0082H  NOT USED
DP1H . . . . . . . . . . . . . . . .  D  ADDR  0085H  NOT USED
DP1L . . . . . . . . . . . . . . . .  D  ADDR  0084H  NOT USED
DPH. . . . . . . . . . . . . . . . .  D  ADDR  0083H  NOT USED
DPL. . . . . . . . . . . . . . . . .  D  ADDR  0082H  NOT USED
EA . . . . . . . . . . . . . . . . .  B  ADDR  00AFH  NOT USED
EC . . . . . . . . . . . . . . . . .  B  ADDR  00AEH  NOT USED
EECON. . . . . . . . . . . . . . . .  D  ADDR  0096H  NOT USED
EIGHT. . . . . . . . . . . . . . . .  C  ADDR  103EH
EIGHTEEN . . . . . . . . . . . . . .  C  ADDR  1098H
ELEVEN . . . . . . . . . . . . . . .  C  ADDR  1059H
ES . . . . . . . . . . . . . . . . .  B  ADDR  00ACH  NOT USED
ET0. . . . . . . . . . . . . . . . .  B  ADDR  00A9H  NOT USED
ET1. . . . . . . . . . . . . . . . .  B  ADDR  00ABH  NOT USED
ET2. . . . . . . . . . . . . . . . .  B  ADDR  00ADH  NOT USED
EX0. . . . . . . . . . . . . . . . .  B  ADDR  00A8H  NOT USED
EX1. . . . . . . . . . . . . . . . .  B  ADDR  00AAH  NOT USED
EXEN2. . . . . . . . . . . . . . . .  B  ADDR  00CBH  NOT USED
EXF2 . . . . . . . . . . . . . . . .  B  ADDR  00CEH  NOT USED
EXTI0. . . . . . . . . . . . . . . .  C  ADDR  0003H  NOT USED
EXTI1. . . . . . . . . . . . . . . .  C  ADDR  0013H  NOT USED
F0 . . . . . . . . . . . . . . . . .  B  ADDR  00D5H  NOT USED
FE . . . . . . . . . . . . . . . . .  B  ADDR  009FH  NOT USED
FIFTEEN. . . . . . . . . . . . . . .  C  ADDR  107DH
FIFTY. . . . . . . . . . . . . . . .  C  ADDR  11B8H
FIVE . . . . . . . . . . . . . . . .  C  ADDR  1023H
FORTY. . . . . . . . . . . . . . . .  C  ADDR  115EH
FORTYEIGHT . . . . . . . . . . . . .  C  ADDR  11A6H
FORTYFIVE. . . . . . . . . . . . . .  C  ADDR  118BH
FORTYFOUR. . . . . . . . . . . . . .  C  ADDR  1182H
FORTYNINE. . . . . . . . . . . . . .  C  ADDR  11AFH
FORTYONE . . . . . . . . . . . . . .  C  ADDR  1167H
FORTYSEVEN . . . . . . . . . . . . .  C  ADDR  119DH
FORTYSIX . . . . . . . . . . . . . .  C  ADDR  1194H
FORTYTHREE . . . . . . . . . . . . .  C  ADDR  1179H
FORTYTWO . . . . . . . . . . . . . .  C  ADDR  1170H
FOUR . . . . . . . . . . . . . . . .  C  ADDR  101AH
FOURTEEN . . . . . . . . . . . . . .  C  ADDR  1074H
HERE . . . . . . . . . . . . . . . .  C  ADDR  01E6H
IE . . . . . . . . . . . . . . . . .  D  ADDR  00A8H  NOT USED
IE0. . . . . . . . . . . . . . . . .  B  ADDR  0089H  NOT USED
IE1. . . . . . . . . . . . . . . . .  B  ADDR  008BH  NOT USED
INT0 . . . . . . . . . . . . . . . .  B  ADDR  00B2H  NOT USED
INT1 . . . . . . . . . . . . . . . .  B  ADDR  00B3H  NOT USED
IP . . . . . . . . . . . . . . . . .  D  ADDR  00B8H  NOT USED
IPH. . . . . . . . . . . . . . . . .  D  ADDR  00B7H  NOT USED
IPH0 . . . . . . . . . . . . . . . .  D  ADDR  00B7H  NOT USED
IPH1 . . . . . . . . . . . . . . . .  D  ADDR  00B3H  NOT USED
IPL0 . . . . . . . . . . . . . . . .  D  ADDR  00B8H  NOT USED
IPL1 . . . . . . . . . . . . . . . .  D  ADDR  00B2H  NOT USED
IT0. . . . . . . . . . . . . . . . .  B  ADDR  0088H  NOT USED
IT1. . . . . . . . . . . . . . . . .  B  ADDR  008AH  NOT USED
KBE. . . . . . . . . . . . . . . . .  D  ADDR  009DH  NOT USED
KBF. . . . . . . . . . . . . . . . .  D  ADDR  009EH  NOT USED
KBLS . . . . . . . . . . . . . . . .  D  ADDR  009CH  NOT USED
LOOP . . . . . . . . . . . . . . . .  C  ADDR  01CCH
LOOP1. . . . . . . . . . . . . . . .  C  ADDR  01CAH
MAIN . . . . . . . . . . . . . . . .  C  ADDR  01C8H
NINE . . . . . . . . . . . . . . . .  C  ADDR  1047H
NINETEEN . . . . . . . . . . . . . .  C  ADDR  10A1H
ONE. . . . . . . . . . . . . . . . .  C  ADDR  0FFFH
OSCCON . . . . . . . . . . . . . . .  D  ADDR  0086H  NOT USED
OV . . . . . . . . . . . . . . . . .  B  ADDR  00D2H  NOT USED
P. . . . . . . . . . . . . . . . . .  B  ADDR  00D0H  NOT USED
P0 . . . . . . . . . . . . . . . . .  D  ADDR  0080H  NOT USED
P1 . . . . . . . . . . . . . . . . .  D  ADDR  0090H
P1M1 . . . . . . . . . . . . . . . .  D  ADDR  00D4H  NOT USED
P1M2 . . . . . . . . . . . . . . . .  D  ADDR  00E2H  NOT USED
P2 . . . . . . . . . . . . . . . . .  D  ADDR  00A0H
P3 . . . . . . . . . . . . . . . . .  D  ADDR  00B0H
P3M1 . . . . . . . . . . . . . . . .  D  ADDR  00D5H  NOT USED
P3M2 . . . . . . . . . . . . . . . .  D  ADDR  00E3H  NOT USED
P4 . . . . . . . . . . . . . . . . .  D  ADDR  00C0H  NOT USED
P4M1 . . . . . . . . . . . . . . . .  D  ADDR  00D6H  NOT USED
P4M2 . . . . . . . . . . . . . . . .  D  ADDR  00E4H  NOT USED
P5 . . . . . . . . . . . . . . . . .  D  ADDR  00E8H  NOT USED
PC . . . . . . . . . . . . . . . . .  B  ADDR  00BEH  NOT USED
PCON . . . . . . . . . . . . . . . .  D  ADDR  0087H  NOT USED
PPCL . . . . . . . . . . . . . . . .  B  ADDR  00BEH  NOT USED
PS . . . . . . . . . . . . . . . . .  B  ADDR  00BCH  NOT USED
PSL. . . . . . . . . . . . . . . . .  B  ADDR  00BCH  NOT USED
PSW. . . . . . . . . . . . . . . . .  D  ADDR  00D0H  NOT USED
PT0. . . . . . . . . . . . . . . . .  B  ADDR  00B9H  NOT USED
PT0L . . . . . . . . . . . . . . . .  B  ADDR  00B9H  NOT USED
PT1. . . . . . . . . . . . . . . . .  B  ADDR  00BBH  NOT USED
PT1L . . . . . . . . . . . . . . . .  B  ADDR  00BBH  NOT USED
PT2. . . . . . . . . . . . . . . . .  B  ADDR  00BDH  NOT USED
PT2L . . . . . . . . . . . . . . . .  B  ADDR  00BDH  NOT USED
PX0. . . . . . . . . . . . . . . . .  B  ADDR  00B8H  NOT USED
PX0L . . . . . . . . . . . . . . . .  B  ADDR  00B8H  NOT USED
PX1. . . . . . . . . . . . . . . . .  B  ADDR  00BAH  NOT USED
PX1L . . . . . . . . . . . . . . . .  B  ADDR  00BAH  NOT USED
RB8. . . . . . . . . . . . . . . . .  B  ADDR  009AH  NOT USED
RCAP2H . . . . . . . . . . . . . . .  D  ADDR  00CBH  NOT USED
RCAP2L . . . . . . . . . . . . . . .  D  ADDR  00CAH  NOT USED
RCLK . . . . . . . . . . . . . . . .  B  ADDR  00CDH  NOT USED
RD . . . . . . . . . . . . . . . . .  B  ADDR  00B7H  NOT USED
REN. . . . . . . . . . . . . . . . .  B  ADDR  009CH  NOT USED
RESET. . . . . . . . . . . . . . . .  C  ADDR  0000H  NOT USED
RI . . . . . . . . . . . . . . . . .  B  ADDR  0098H  NOT USED
RS0. . . . . . . . . . . . . . . . .  B  ADDR  00D3H  NOT USED
RS1. . . . . . . . . . . . . . . . .  B  ADDR  00D4H  NOT USED
RXD. . . . . . . . . . . . . . . . .  B  ADDR  00B0H  NOT USED
SADDR. . . . . . . . . . . . . . . .  D  ADDR  00A9H  NOT USED
SADDR_0. . . . . . . . . . . . . . .  D  ADDR  00A9H  NOT USED
SADDR_1. . . . . . . . . . . . . . .  D  ADDR  00AAH  NOT USED
SADEN. . . . . . . . . . . . . . . .  D  ADDR  00B9H  NOT USED
SADEN_0. . . . . . . . . . . . . . .  D  ADDR  00B9H  NOT USED
SADEN_1. . . . . . . . . . . . . . .  D  ADDR  00BAH  NOT USED
SBUF . . . . . . . . . . . . . . . .  D  ADDR  0099H  NOT USED
SCON . . . . . . . . . . . . . . . .  D  ADDR  0098H  NOT USED
SEVEN. . . . . . . . . . . . . . . .  C  ADDR  1035H
SEVENTEEN. . . . . . . . . . . . . .  C  ADDR  108FH
SINT . . . . . . . . . . . . . . . .  C  ADDR  0023H  NOT USED
SIX. . . . . . . . . . . . . . . . .  C  ADDR  102CH
SIXTEEN. . . . . . . . . . . . . . .  C  ADDR  1086H
SM0. . . . . . . . . . . . . . . . .  B  ADDR  009FH  NOT USED
SM1. . . . . . . . . . . . . . . . .  B  ADDR  009EH  NOT USED
SM2. . . . . . . . . . . . . . . . .  B  ADDR  009DH  NOT USED
SP . . . . . . . . . . . . . . . . .  D  ADDR  0081H  NOT USED
SPCON. . . . . . . . . . . . . . . .  D  ADDR  00C3H  NOT USED
SPCR . . . . . . . . . . . . . . . .  D  ADDR  00D5H  NOT USED
SPDAT. . . . . . . . . . . . . . . .  D  ADDR  00C5H  NOT USED
SPDR . . . . . . . . . . . . . . . .  D  ADDR  0086H  NOT USED
SPSR . . . . . . . . . . . . . . . .  D  ADDR  00AAH  NOT USED
SPSTA. . . . . . . . . . . . . . . .  D  ADDR  00C4H  NOT USED
T0 . . . . . . . . . . . . . . . . .  B  ADDR  00B4H  NOT USED
T1 . . . . . . . . . . . . . . . . .  B  ADDR  00B5H  NOT USED
T2CON. . . . . . . . . . . . . . . .  D  ADDR  00C8H  NOT USED
T2MOD. . . . . . . . . . . . . . . .  D  ADDR  00C9H  NOT USED
TB8. . . . . . . . . . . . . . . . .  B  ADDR  009BH  NOT USED
TCLK . . . . . . . . . . . . . . . .  B  ADDR  00CCH  NOT USED
TCON . . . . . . . . . . . . . . . .  D  ADDR  0088H  NOT USED
TEN. . . . . . . . . . . . . . . . .  C  ADDR  1050H
TF0. . . . . . . . . . . . . . . . .  B  ADDR  008DH
TF1. . . . . . . . . . . . . . . . .  B  ADDR  008FH  NOT USED
TF2. . . . . . . . . . . . . . . . .  B  ADDR  00CFH  NOT USED
TH0. . . . . . . . . . . . . . . . .  D  ADDR  008CH
TH1. . . . . . . . . . . . . . . . .  D  ADDR  008DH  NOT USED
TH2. . . . . . . . . . . . . . . . .  D  ADDR  00CDH  NOT USED
THIRTEEN . . . . . . . . . . . . . .  C  ADDR  106BH
THIRTY . . . . . . . . . . . . . . .  C  ADDR  1104H
THIRTYEIGHTH . . . . . . . . . . . .  C  ADDR  114CH
THIRTYFIVE . . . . . . . . . . . . .  C  ADDR  1131H
THIRTYFOUR . . . . . . . . . . . . .  C  ADDR  1128H
THIRTYNINE . . . . . . . . . . . . .  C  ADDR  1155H
THIRTYONE. . . . . . . . . . . . . .  C  ADDR  110DH
THIRTYSEVEN. . . . . . . . . . . . .  C  ADDR  1143H
THIRTYSIX. . . . . . . . . . . . . .  C  ADDR  113AH
THIRTYTHREE. . . . . . . . . . . . .  C  ADDR  111FH
THIRTYTWO. . . . . . . . . . . . . .  C  ADDR  1116H
THREE. . . . . . . . . . . . . . . .  C  ADDR  1011H
TI . . . . . . . . . . . . . . . . .  B  ADDR  0099H  NOT USED
TIMER0 . . . . . . . . . . . . . . .  C  ADDR  000BH  NOT USED
TIMER1 . . . . . . . . . . . . . . .  C  ADDR  001BH  NOT USED
TIMER2 . . . . . . . . . . . . . . .  C  ADDR  002BH  NOT USED
TL0. . . . . . . . . . . . . . . . .  D  ADDR  008AH
TL1. . . . . . . . . . . . . . . . .  D  ADDR  008BH  NOT USED
TL2. . . . . . . . . . . . . . . . .  D  ADDR  00CCH  NOT USED
TMOD . . . . . . . . . . . . . . . .  D  ADDR  0089H
TR0. . . . . . . . . . . . . . . . .  B  ADDR  008CH
TR1. . . . . . . . . . . . . . . . .  B  ADDR  008EH  NOT USED
TR2. . . . . . . . . . . . . . . . .  B  ADDR  00CAH  NOT USED
TWELVE . . . . . . . . . . . . . . .  C  ADDR  1062H
TWENTY . . . . . . . . . . . . . . .  C  ADDR  10AAH
TWENTYEIGHT. . . . . . . . . . . . .  C  ADDR  10F2H
TWENTYFIVE . . . . . . . . . . . . .  C  ADDR  10D7H
TWENTYFOUR . . . . . . . . . . . . .  C  ADDR  10CEH
TWENTYNINE . . . . . . . . . . . . .  C  ADDR  10FBH
TWENTYONE. . . . . . . . . . . . . .  C  ADDR  10B3H
TWENTYSEVEN. . . . . . . . . . . . .  C  ADDR  10E9H
TWENTYSIX. . . . . . . . . . . . . .  C  ADDR  10E0H
TWENTYTHREE. . . . . . . . . . . . .  C  ADDR  10C5H
TWENTYTWO. . . . . . . . . . . . . .  C  ADDR  10BCH
TWO. . . . . . . . . . . . . . . . .  C  ADDR  1008H
TXD. . . . . . . . . . . . . . . . .  B  ADDR  00B1H  NOT USED
WDTCON . . . . . . . . . . . . . . .  D  ADDR  00A7H  NOT USED
WDTPRG . . . . . . . . . . . . . . .  D  ADDR  00A7H  NOT USED
WDTRST . . . . . . . . . . . . . . .  D  ADDR  00A6H  NOT USED
WR . . . . . . . . . . . . . . . . .  B  ADDR  00B6H  NOT USED
ZERO . . . . . . . . . . . . . . . .  C  ADDR  11C1H